#
# A fatal error has been detected by the Java Runtime Environment:
#
#  SIGSEGV (0xb) at pc=0x00007f29d7612ff9, pid=14009, tid=139817033152256
#
# JRE version: Java(TM) SE Runtime Environment (8.0_45-b14) (build 1.8.0_45-b14)
# Java VM: Java HotSpot(TM) 64-Bit Server VM (25.45-b02 mixed mode linux-amd64 compressed oops)
# Problematic frame:
# C  [libc.so.6+0x97ff9]
#
# Failed to write core dump. Core dumps have been disabled. To enable core dumping, try "ulimit -c unlimited" before starting Java again
#
# If you would like to submit a bug report, please visit:
#   http://bugreport.java.com/bugreport/crash.jsp
# The crash happened outside the Java Virtual Machine in native code.
# See problematic frame for where to report the bug.
#

---------------  T H R E A D  ---------------

Current thread (0x00007f29683ea000):  JavaThread "AWT-EventQueue-0" [_thread_in_native, id=14118, stack(0x00007f29b0883000,0x00007f29b0984000)]

siginfo: si_signo: 11 (SIGSEGV), si_code: 1 (SEGV_MAPERR), si_addr: 0x00007f29b8042000

Registers:
RAX=0xffffffffa02cd1b0, RBX=0x00007f29b0980750, RCX=0x0000000000000080, RDX=0x0000000000000040
RSP=0x00007f29b0980698, RBP=0x00007f29580088c0, RSI=0x00007f295830f1f0, RDI=0x00007f29b8042000
R8 =0x00007f29b0983700, R9 =0x00007f2958004d60, R10=0x00007f29d7937be0, R11=0x0000000000000000
R12=0x00007f29582fc050, R13=0x00007f295830f1f0, R14=0x00007f29580088c0, R15=0x00007f295830f1f0
RIP=0x00007f29d7612ff9, EFLAGS=0x0000000000010202, CSGSFS=0x0000000000000033, ERR=0x0000000000000006
  TRAPNO=0x000000000000000e

Top of Stack: (sp=0x00007f29b0980698)
0x00007f29b0980698:   00007f293fc2d65f 0000000000000002
0x00007f29b09806a8:   0000000000000000 0000000000000000
0x00007f29b09806b8:   0000000000000280 0000000000000000
0x00007f29b09806c8:   00007f29580088c0 0000000000000280
0x00007f29b09806d8:   00007f293bc5c5ca 0000040000000003
0x00007f29b09806e8:   0100000000000002 00007f29580088c0
0x00007f29b09806f8:   00007f29580ffec0 0000000100000000
0x00007f29b0980708:   00007f29582fb410 0000000000000040
0x00007f29b0980718:   00007f29580f5b50 0000000000000001
0x00007f29b0980728:   00007f293bb575e9 00007f2900000000
0x00007f29b0980738:   0000000000000000 0000000000000000
0x00007f29b0980748:   0000000000000000 0000000000000000
0x00007f29b0980758:   0000004000000000 0000000100000001
0x00007f29b0980768:   00007f2958581e60 0000000000000000
0x00007f29b0980778:   00007f293fc083ae 0000000000000000
0x00007f29b0980788:   00007f29580095d8 00007f29581c6500
0x00007f29b0980798:   00007f2958062fd0 00007f29582fb410
0x00007f29b09807a8:   0000000000008892 0000000000000040
0x00007f29b09807b8:   00000000000088e4 00007f295830f1f0
0x00007f29b09807c8:   00007f293ba5f1f9 00000000000088e4
0x00007f29b09807d8:   00000000000088e4 00007f29b0980850
0x00007f29b09807e8:   0000000000000000 00007f2942f6ca40
0x00007f29b09807f8:   00000000000088e4 00007f29683ea000
0x00007f29b0980808:   00007f2941ac855d 00007f01b09818d0
0x00007f29b0980818:   00007f29b0980890 0000000000000040
0x00007f29b0980828:   0000889200000000 00007f29b0980878
0x00007f29b0980838:   00007f29683ea1f8 00007f2942f6ca40
0x00007f29b0980848:   00007f295830f1f0 00007f29b09808b0
0x00007f29b0980858:   00007f29c15d83a7 0000000000000001
0x00007f29b0980868:   00000000000088e4 00007f2942f6ca40
0x00007f29b0980878:   00000000c5d10fd8 00007f2900000043
0x00007f29b0980888:   0000000000000000 00000000c5d10d48 

Instructions: (pc=0x00007f29d7612ff9)
0x00007f29d7612fd9:   f8 48 29 d0 48 39 c8 0f 82 07 01 00 00 48 83 fa
0x00007f29d7612fe9:   10 0f 86 8b 01 00 00 f3 44 0f 6f 06 48 83 fa 20
0x00007f29d7612ff9:   f3 44 0f 7f 07 f3 44 0f 6f 44 16 f0 f3 44 0f 7f
0x00007f29d7613009:   44 17 f0 77 12 48 89 f8 c3 66 66 66 66 66 2e 0f 

Register to memory mapping:

RAX=0xffffffffa02cd1b0 is an unknown value
RBX=0x00007f29b0980750 is pointing into the stack for thread: 0x00007f29683ea000
RCX=0x0000000000000080 is an unknown value
RDX=0x0000000000000040 is an unknown value
RSP=0x00007f29b0980698 is pointing into the stack for thread: 0x00007f29683ea000
RBP=0x00007f29580088c0 is an unknown value
RSI=0x00007f295830f1f0 is an unknown value
RDI=0x00007f29b8042000 is an unknown value
R8 =0x00007f29b0983700 is pointing into the stack for thread: 0x00007f29683ea000
R9 =0x00007f2958004d60 is an unknown value
R10=0x00007f29d7937be0: <offset 0x3bcbe0> in /lib/x86_64-linux-gnu/libc.so.6 at 0x00007f29d757b000
R11=0x0000000000000000 is an unknown value
R12=0x00007f29582fc050 is an unknown value
R13=0x00007f295830f1f0 is an unknown value
R14=0x00007f29580088c0 is an unknown value
R15=0x00007f295830f1f0 is an unknown value


Stack: [0x00007f29b0883000,0x00007f29b0984000],  sp=0x00007f29b0980698,  free space=1013k
Native frames: (J=compiled Java code, j=interpreted, Vv=VM code, C=native code)
C  [libc.so.6+0x97ff9]

Java frames: (J=compiled Java code, j=interpreted, Vv=VM code)
J 2503  jogamp.opengl.gl4.GL4bcImpl.dispatch_glBufferData(IJLjava/lang/Object;IZIJ)V (0 bytes) @ 0x00007f29c15d8325 [0x00007f29c15d82c0+0x65]
J 2501 C1 jogamp.opengl.gl4.GL4bcImpl$1.create(IJLjava/nio/Buffer;IJ)V (56 bytes) @ 0x00007f29c15de09c [0x00007f29c15ddf60+0x13c]
J 2500 C1 jogamp.opengl.GLBufferObjectTracker.createBufferStorage(Ljogamp/opengl/GLBufferStateTracker;Ljavax/media/opengl/GL;IJLjava/nio/Buffer;IILjogamp/opengl/GLBufferObjectTracker$CreateStorageDispatch;J)V (398 bytes) @ 0x00007f29c15d94ac [0x00007f29c15d88e0+0xbcc]
J 2438 C1 jogamp.opengl.gl4.GL4bcImpl.glBufferData(IJLjava/nio/Buffer;I)V (71 bytes) @ 0x00007f29c15bff7c [0x00007f29c15bfbc0+0x3bc]
J 2437 C1 processing.opengl.PJOGL.bufferData(IILjava/nio/Buffer;I)V (16 bytes) @ 0x00007f29c15bf504 [0x00007f29c15bf4c0+0x44]
J 2642 C1 processing.opengl.PGL.drawTexture2D(IIIIIIIIIIIII)V (614 bytes) @ 0x00007f29c1610724 [0x00007f29c16101a0+0x584]
J 2641 C1 processing.opengl.PGL.drawTexture(IIIIIIIIIIIIII)V (74 bytes) @ 0x00007f29c160fbbc [0x00007f29c160fa40+0x17c]
J 2889 C1 processing.opengl.PGL.endDraw(Z)V (141 bytes) @ 0x00007f29c168819c [0x00007f29c1687fc0+0x1dc]
J 2888 C1 processing.opengl.PJOGL.endDraw(Z)V (162 bytes) @ 0x00007f29c168793c [0x00007f29c1687640+0x2fc]
J 2886 C1 processing.opengl.PGraphicsOpenGL.endDraw()V (111 bytes) @ 0x00007f29c1686b7c [0x00007f29c1686a20+0x15c]
J 2857 C1 processing.core.PApplet.handleDraw()V (382 bytes) @ 0x00007f29c16788ac [0x00007f29c1678360+0x54c]
J 2856 C1 quil.Applet.handleDraw()V (41 bytes) @ 0x00007f29c1677d3c [0x00007f29c1677c00+0x13c]
J 2855 C1 processing.opengl.PJOGL$PGLListener.display(Ljavax/media/opengl/GLAutoDrawable;)V (490 bytes) @ 0x00007f29c1676c1c [0x00007f29c1676420+0x7fc]
J 2854 C1 jogamp.opengl.GLDrawableHelper.displayImpl(Ljavax/media/opengl/GLAutoDrawable;)V (105 bytes) @ 0x00007f29c167519c [0x00007f29c1674de0+0x3bc]
J 2823 C1 javax.media.opengl.awt.GLCanvas$10.run()V (122 bytes) @ 0x00007f29c1667354 [0x00007f29c16672a0+0xb4]
J 2822 C1 jogamp.opengl.GLDrawableHelper.invokeGLImpl(Ljavax/media/opengl/GLDrawable;Ljavax/media/opengl/GLContext;Ljava/lang/Runnable;Ljava/lang/Runnable;)V (481 bytes) @ 0x00007f29c1664e8c [0x00007f29c1664b00+0x38c]
J 2821 C1 jogamp.opengl.GLDrawableHelper.invokeGL(Ljavax/media/opengl/GLDrawable;Ljavax/media/opengl/GLContext;Ljava/lang/Runnable;Ljava/lang/Runnable;)V (84 bytes) @ 0x00007f29c166464c [0x00007f29c1664600+0x4c]
J 2740 C1 javax.media.opengl.awt.GLCanvas$11.run()V (95 bytes) @ 0x00007f29c163738c [0x00007f29c16372a0+0xec]
J 2711 C1 java.awt.event.InvocationEvent.dispatch()V (69 bytes) @ 0x00007f29c1629cf4 [0x00007f29c1629ca0+0x54]
J 2772 C1 java.awt.EventQueue.dispatchEventImpl(Ljava/awt/AWTEvent;Ljava/lang/Object;)V (149 bytes) @ 0x00007f29c1647c04 [0x00007f29c16475c0+0x644]
J 2770 C1 java.awt.EventQueue$3.run()Ljava/lang/Void; (60 bytes) @ 0x00007f29c1646c54 [0x00007f29c1646be0+0x74]
J 2769 C1 java.awt.EventQueue$3.run()Ljava/lang/Object; (5 bytes) @ 0x00007f29c16468f4 [0x00007f29c16468c0+0x34]
v  ~StubRoutines::call_stub
J 1341  java.security.AccessController.doPrivileged(Ljava/security/PrivilegedAction;Ljava/security/AccessControlContext;)Ljava/lang/Object; (0 bytes) @ 0x00007f29c138b3e3 [0x00007f29c138b380+0x63]
J 2674 C1 java.awt.EventQueue.dispatchEvent(Ljava/awt/AWTEvent;)V (80 bytes) @ 0x00007f29c161b274 [0x00007f29c161b040+0x234]
J 2677 C1 java.awt.EventDispatchThread.pumpOneEventForFilters(I)V (295 bytes) @ 0x00007f29c161cc64 [0x00007f29c161c420+0x844]
j  java.awt.EventDispatchThread.pumpEventsForFilter(ILjava/awt/Conditional;Ljava/awt/EventFilter;)V+35
j  java.awt.EventDispatchThread.pumpEventsForHierarchy(ILjava/awt/Conditional;Ljava/awt/Component;)V+11
j  java.awt.EventDispatchThread.pumpEvents(ILjava/awt/Conditional;)V+4
j  java.awt.EventDispatchThread.pumpEvents(Ljava/awt/Conditional;)V+3
j  java.awt.EventDispatchThread.run()V+9
v  ~StubRoutines::call_stub

---------------  P R O C E S S  ---------------

Java Threads: ( => current thread )
  0x00007f2994001000 JavaThread "SIGTERM handler" daemon [_thread_blocked, id=14207, stack(0x00007f29b3eff000,0x00007f29b4000000)]
  0x00007f29683fc800 JavaThread "Animation Thread" daemon [_thread_blocked, id=14119, stack(0x00007f29b0681000,0x00007f29b0782000)]
=>0x00007f29683ea000 JavaThread "AWT-EventQueue-0" [_thread_in_native, id=14118, stack(0x00007f29b0883000,0x00007f29b0984000)]
  0x00007f2968300000 JavaThread "AWT-Shutdown" [_thread_blocked, id=14117, stack(0x00007f29b0782000,0x00007f29b0883000)]
  0x00007f296831d800 JavaThread "AWT-XAWT" daemon [_thread_blocked, id=14078, stack(0x00007f29b0c85000,0x00007f29b0d86000)]
  0x00007f29683d5000 JavaThread "Java2D Disposer" daemon [_thread_blocked, id=14077, stack(0x00007f29b1196000,0x00007f29b1297000)]
  0x00007f296c001000 JavaThread "clojure-agent-send-off-pool-6" [_thread_blocked, id=14036, stack(0x00007f29b36e2000,0x00007f29b37e3000)]
  0x00007f2974002800 JavaThread "clojure-agent-send-off-pool-5" [_thread_in_native, id=14035, stack(0x00007f29b37e3000,0x00007f29b38e4000)]
  0x00007f2974001000 JavaThread "clojure-agent-send-off-pool-4" [_thread_blocked, id=14034, stack(0x00007f29b38e4000,0x00007f29b39e5000)]
  0x00007f29d0da5000 JavaThread "clojure-agent-send-off-pool-3" [_thread_blocked, id=14032, stack(0x00007f29b39e5000,0x00007f29b3ae6000)]
  0x00007f29d00c1800 JavaThread "Service Thread" daemon [_thread_blocked, id=14026, stack(0x00007f29b8655000,0x00007f29b8756000)]
  0x00007f29d00bc800 JavaThread "C1 CompilerThread2" daemon [_thread_blocked, id=14025, stack(0x00007f29b8756000,0x00007f29b8857000)]
  0x00007f29d00ba800 JavaThread "C2 CompilerThread1" daemon [_thread_blocked, id=14024, stack(0x00007f29b8857000,0x00007f29b8958000)]
  0x00007f29d00b7800 JavaThread "C2 CompilerThread0" daemon [_thread_blocked, id=14023, stack(0x00007f29b8958000,0x00007f29b8a59000)]
  0x00007f29d00b6000 JavaThread "Signal Dispatcher" daemon [_thread_blocked, id=14022, stack(0x00007f29b8a59000,0x00007f29b8b5a000)]
  0x00007f29d007f800 JavaThread "Finalizer" daemon [_thread_blocked, id=14021, stack(0x00007f29b9a18000,0x00007f29b9b19000)]
  0x00007f29d007d800 JavaThread "Reference Handler" daemon [_thread_blocked, id=14020, stack(0x00007f29b9b19000,0x00007f29b9c1a000)]
  0x00007f29d000a800 JavaThread "main" [_thread_blocked, id=14014, stack(0x00007f29d8071000,0x00007f29d8172000)]

Other Threads:
  0x00007f29d0078800 VMThread [stack: 0x00007f29b9c1a000,0x00007f29b9d1b000] [id=14019]

VM state:at safepoint (normal execution)

VM Mutex/Monitor currently owned by a thread:  ([mutex/lock_event])
[0x00007f29d0006e50] Threads_lock - owner thread: 0x00007f29d0078800

Heap:
 PSYoungGen      total 261632K, used 60900K [0x00000000ec180000, 0x00000000fed80000, 0x0000000100000000)
  eden space 251904K, 24% used [0x00000000ec180000,0x00000000efcd92d8,0x00000000fb780000)
  from space 9728K, 1% used [0x00000000fda80000,0x00000000fdaa0000,0x00000000fe400000)
  to   space 9216K, 0% used [0x00000000fe480000,0x00000000fe480000,0x00000000fed80000)
 ParOldGen       total 59392K, used 34908K [0x00000000c4400000, 0x00000000c7e00000, 0x00000000ec180000)
  object space 59392K, 58% used [0x00000000c4400000,0x00000000c6617220,0x00000000c7e00000)
 Metaspace       used 31765K, capacity 34828K, committed 35120K, reserved 1077248K
  class space    used 5525K, capacity 6616K, committed 6704K, reserved 1048576K

Card table byte_map: [0x00007f29d4c74000,0x00007f29d4e53000] byte_map_base: 0x00007f29d4652000

Marking Bits: (ParMarkBitMap*) 0x00007f29d7550760
 Begin Bits: [0x00007f29ba220000, 0x00007f29bb110000)
 End Bits:   [0x00007f29bb110000, 0x00007f29bc000000)

Polling page: 0x00007f29d8197000

CodeCache: size=245760Kb used=7490Kb max_used=7492Kb free=238269Kb
 bounds [0x00007f29c1000000, 0x00007f29c1760000, 0x00007f29d0000000]
 total_blobs=4312 nmethods=3315 adapters=910
 compilation: enabled

Compilation events (10 events):
Event: 155,242 Thread 0x00007f29d00bc800 3333       1       processing.opengl.PGraphicsOpenGL::noLights (10 bytes)
Event: 155,243 Thread 0x00007f29d00bc800 nmethod 3333 0x00007f29c1750710 code [0x00007f29c1750880, 0x00007f29c17509e8]
Event: 155,243 Thread 0x00007f29d00bc800 3334       1       processing.opengl.PGraphicsOpenGL::disableLighting (17 bytes)
Event: 155,244 Thread 0x00007f29d00bc800 nmethod 3334 0x00007f29c1750a90 code [0x00007f29c1750c00, 0x00007f29c1750d48]
Event: 155,244 Thread 0x00007f29d00bc800 3335       1       processing.opengl.PGraphicsOpenGL::lightFalloff (16 bytes)
Event: 155,245 Thread 0x00007f29d00bc800 nmethod 3335 0x00007f29c1750dd0 code [0x00007f29c1750f20, 0x00007f29c1751050]
Event: 157,146 Thread 0x00007f29d00bc800 3336       1       java.util.LinkedList$ListItr::hasNext (20 bytes)
Event: 157,146 Thread 0x00007f29d00bc800 nmethod 3336 0x00007f29c17510d0 code [0x00007f29c1751220, 0x00007f29c1751350]
Event: 199,950 Thread 0x00007f29d00bc800 3337       1       java.lang.Long::equals (30 bytes)
Event: 199,951 Thread 0x00007f29d00bc800 nmethod 3337 0x00007f29c17513d0 code [0x00007f29c1751540, 0x00007f29c17516f0]

GC Heap History (10 events):
Event: 176,553 GC heap before
{Heap before GC invocations=21 (full 2):
 PSYoungGen      total 314880K, used 128K [0x00000000ec180000, 0x0000000100000000, 0x0000000100000000)
  eden space 304640K, 0% used [0x00000000ec180000,0x00000000ec180000,0x00000000feb00000)
  from space 10240K, 1% used [0x00000000feb00000,0x00000000feb20000,0x00000000ff500000)
  to   space 10240K, 0% used [0x00000000ff600000,0x00000000ff600000,0x0000000100000000)
 ParOldGen       total 40960K, used 37163K [0x00000000c4400000, 0x00000000c6c00000, 0x00000000ec180000)
  object space 40960K, 90% used [0x00000000c4400000,0x00000000c684ae68,0x00000000c6c00000)
 Metaspace       used 31755K, capacity 34828K, committed 35120K, reserved 1077248K
  class space    used 5522K, capacity 6616K, committed 6704K, reserved 1048576K
Event: 176,723 GC heap after
Heap after GC invocations=21 (full 2):
 PSYoungGen      total 314880K, used 0K [0x00000000ec180000, 0x0000000100000000, 0x0000000100000000)
  eden space 304640K, 0% used [0x00000000ec180000,0x00000000ec180000,0x00000000feb00000)
  from space 10240K, 0% used [0x00000000feb00000,0x00000000feb00000,0x00000000ff500000)
  to   space 10240K, 0% used [0x00000000ff600000,0x00000000ff600000,0x0000000100000000)
 ParOldGen       total 59392K, used 34908K [0x00000000c4400000, 0x00000000c7e00000, 0x00000000ec180000)
  object space 59392K, 58% used [0x00000000c4400000,0x00000000c6617220,0x00000000c7e00000)
 Metaspace       used 31755K, capacity 34828K, committed 35120K, reserved 1077248K
  class space    used 5522K, capacity 6616K, committed 6704K, reserved 1048576K
}
Event: 198,749 GC heap before
{Heap before GC invocations=22 (full 2):
 PSYoungGen      total 314880K, used 304640K [0x00000000ec180000, 0x0000000100000000, 0x0000000100000000)
  eden space 304640K, 100% used [0x00000000ec180000,0x00000000feb00000,0x00000000feb00000)
  from space 10240K, 0% used [0x00000000feb00000,0x00000000feb00000,0x00000000ff500000)
  to   space 10240K, 0% used [0x00000000ff600000,0x00000000ff600000,0x0000000100000000)
 ParOldGen       total 59392K, used 34908K [0x00000000c4400000, 0x00000000c7e00000, 0x00000000ec180000)
  object space 59392K, 58% used [0x00000000c4400000,0x00000000c6617220,0x00000000c7e00000)
 Metaspace       used 31756K, capacity 34828K, committed 35120K, reserved 1077248K
  class space    used 5522K, capacity 6616K, committed 6704K, reserved 1048576K
Event: 198,754 GC heap after
Heap after GC invocations=22 (full 2):
 PSYoungGen      total 290816K, used 128K [0x00000000ec180000, 0x00000000ff680000, 0x0000000100000000)
  eden space 290304K, 0% used [0x00000000ec180000,0x00000000ec180000,0x00000000fdd00000)
  from space 512K, 25% used [0x00000000ff600000,0x00000000ff620000,0x00000000ff680000)
  to   space 10240K, 0% used [0x00000000fe280000,0x00000000fe280000,0x00000000fec80000)
 ParOldGen       total 59392K, used 34908K [0x00000000c4400000, 0x00000000c7e00000, 0x00000000ec180000)
  object space 59392K, 58% used [0x00000000c4400000,0x00000000c6617220,0x00000000c7e00000)
 Metaspace       used 31756K, capacity 34828K, committed 35120K, reserved 1077248K
  class space    used 5522K, capacity 6616K, committed 6704K, reserved 1048576K
}
Event: 219,879 GC heap before
{Heap before GC invocations=23 (full 2):
 PSYoungGen      total 290816K, used 290432K [0x00000000ec180000, 0x00000000ff680000, 0x0000000100000000)
  eden space 290304K, 100% used [0x00000000ec180000,0x00000000fdd00000,0x00000000fdd00000)
  from space 512K, 25% used [0x00000000ff600000,0x00000000ff620000,0x00000000ff680000)
  to   space 10240K, 0% used [0x00000000fe280000,0x00000000fe280000,0x00000000fec80000)
 ParOldGen       total 59392K, used 34908K [0x00000000c4400000, 0x00000000c7e00000, 0x00000000ec180000)
  object space 59392K, 58% used [0x00000000c4400000,0x00000000c6617220,0x00000000c7e00000)
 Metaspace       used 31756K, capacity 34828K, committed 35120K, reserved 1077248K
  class space    used 5522K, capacity 6616K, committed 6704K, reserved 1048576K
Event: 219,883 GC heap after
Heap after GC invocations=23 (full 2):
 PSYoungGen      total 287232K, used 96K [0x00000000ec180000, 0x00000000ff680000, 0x0000000100000000)
  eden space 276992K, 0% used [0x00000000ec180000,0x00000000ec180000,0x00000000fd000000)
  from space 10240K, 0% used [0x00000000fe280000,0x00000000fe298000,0x00000000fec80000)
  to   space 9728K, 0% used [0x00000000fed00000,0x00000000fed00000,0x00000000ff680000)
 ParOldGen       total 59392K, used 34908K [0x00000000c4400000, 0x00000000c7e00000, 0x00000000ec180000)
  object space 59392K, 58% used [0x00000000c4400000,0x00000000c6617220,0x00000000c7e00000)
 Metaspace       used 31756K, capacity 34828K, committed 35120K, reserved 1077248K
  class space    used 5522K, capacity 6616K, committed 6704K, reserved 1048576K
}
Event: 240,062 GC heap before
{Heap before GC invocations=24 (full 2):
 PSYoungGen      total 287232K, used 277088K [0x00000000ec180000, 0x00000000ff680000, 0x0000000100000000)
  eden space 276992K, 100% used [0x00000000ec180000,0x00000000fd000000,0x00000000fd000000)
  from space 10240K, 0% used [0x00000000fe280000,0x00000000fe298000,0x00000000fec80000)
  to   space 9728K, 0% used [0x00000000fed00000,0x00000000fed00000,0x00000000ff680000)
 ParOldGen       total 59392K, used 34908K [0x00000000c4400000, 0x00000000c7e00000, 0x00000000ec180000)
  object space 59392K, 58% used [0x00000000c4400000,0x00000000c6617220,0x00000000c7e00000)
 Metaspace       used 31756K, capacity 34828K, committed 35120K, reserved 1077248K
  class space    used 5522K, capacity 6616K, committed 6704K, reserved 1048576K
Event: 240,066 GC heap after
Heap after GC invocations=24 (full 2):
 PSYoungGen      total 264704K, used 128K [0x00000000ec180000, 0x00000000fed80000, 0x0000000100000000)
  eden space 264192K, 0% used [0x00000000ec180000,0x00000000ec180000,0x00000000fc380000)
  from space 512K, 25% used [0x00000000fed00000,0x00000000fed20000,0x00000000fed80000)
  to   space 9728K, 0% used [0x00000000fda80000,0x00000000fda80000,0x00000000fe400000)
 ParOldGen       total 59392K, used 34908K [0x00000000c4400000, 0x00000000c7e00000, 0x00000000ec180000)
  object space 59392K, 58% used [0x00000000c4400000,0x00000000c6617220,0x00000000c7e00000)
 Metaspace       used 31756K, capacity 34828K, committed 35120K, reserved 1077248K
  class space    used 5522K, capacity 6616K, committed 6704K, reserved 1048576K
}
Event: 259,128 GC heap before
{Heap before GC invocations=25 (full 2):
 PSYoungGen      total 264704K, used 264320K [0x00000000ec180000, 0x00000000fed80000, 0x0000000100000000)
  eden space 264192K, 100% used [0x00000000ec180000,0x00000000fc380000,0x00000000fc380000)
  from space 512K, 25% used [0x00000000fed00000,0x00000000fed20000,0x00000000fed80000)
  to   space 9728K, 0% used [0x00000000fda80000,0x00000000fda80000,0x00000000fe400000)
 ParOldGen       total 59392K, used 34908K [0x00000000c4400000, 0x00000000c7e00000, 0x00000000ec180000)
  object space 59392K, 58% used [0x00000000c4400000,0x00000000c6617220,0x00000000c7e00000)
 Metaspace       used 31756K, capacity 34828K, committed 35120K, reserved 1077248K
  class space    used 5522K, capacity 6616K, committed 6704K, reserved 1048576K
Event: 259,132 GC heap after
Heap after GC invocations=25 (full 2):
 PSYoungGen      total 261632K, used 128K [0x00000000ec180000, 0x00000000fed80000, 0x0000000100000000)
  eden space 251904K, 0% used [0x00000000ec180000,0x00000000ec180000,0x00000000fb780000)
  from space 9728K, 1% used [0x00000000fda80000,0x00000000fdaa0000,0x00000000fe400000)
  to   space 9216K, 0% used [0x00000000fe480000,0x00000000fe480000,0x00000000fed80000)
 ParOldGen       total 59392K, used 34908K [0x00000000c4400000, 0x00000000c7e00000, 0x00000000ec180000)
  object space 59392K, 58% used [0x00000000c4400000,0x00000000c6617220,0x00000000c7e00000)
 Metaspace       used 31756K, capacity 34828K, committed 35120K, reserved 1077248K
  class space    used 5522K, capacity 6616K, committed 6704K, reserved 1048576K
}

Deoptimization events (0 events):
No events

Internal exceptions (10 events):
Event: 152,466 Thread 0x00007f297c009000 Exception <a 'java/lang/NullPointerException'> (0x00000000f10371a8) thrown at [/RE-WORK/workspace/8-2-build-linux-amd64/jdk8u45/3457/hotspot/src/share/vm/interpreter/linkResolver.cpp, line 1280]
Event: 152,874 Thread 0x00007f29683ea000 Exception <a 'java/lang/UnsupportedOperationException': > (0x00000000f247b5f8) thrown at [/RE-WORK/workspace/8-2-build-linux-amd64/jdk8u45/3457/hotspot/src/share/vm/prims/jni.cpp, line 735]
Event: 262,658 Thread 0x00007f297c009000 Exception <a 'java/io/IOException'> (0x00000000efa64038) thrown at [/RE-WORK/workspace/8-2-build-linux-amd64/jdk8u45/3457/hotspot/src/share/vm/prims/jni.cpp, line 709]
Event: 262,658 Thread 0x00007f297c009000 Exception <a 'java/io/IOException'> (0x00000000efa642c8) thrown at [/RE-WORK/workspace/8-2-build-linux-amd64/jdk8u45/3457/hotspot/src/share/vm/prims/jni.cpp, line 709]
Event: 262,658 Thread 0x00007f297c009000 Exception <a 'java/io/IOException'> (0x00000000efa64750) thrown at [/RE-WORK/workspace/8-2-build-linux-amd64/jdk8u45/3457/hotspot/src/share/vm/prims/jni.cpp, line 709]
Event: 262,658 Thread 0x00007f297c009000 Exception <a 'java/io/IOException'> (0x00000000efa64990) thrown at [/RE-WORK/workspace/8-2-build-linux-amd64/jdk8u45/3457/hotspot/src/share/vm/prims/jni.cpp, line 709]
Event: 262,658 Thread 0x00007f297c009000 Exception <a 'java/io/IOException'> (0x00000000efa64ba0) thrown at [/RE-WORK/workspace/8-2-build-linux-amd64/jdk8u45/3457/hotspot/src/share/vm/prims/jni.cpp, line 709]
Event: 262,658 Thread 0x00007f297c009000 Exception <a 'java/io/IOException'> (0x00000000efa65380) thrown at [/RE-WORK/workspace/8-2-build-linux-amd64/jdk8u45/3457/hotspot/src/share/vm/prims/jni.cpp, line 709]
Event: 262,658 Thread 0x00007f297c009000 Exception <a 'java/io/IOException'> (0x00000000efa655c0) thrown at [/RE-WORK/workspace/8-2-build-linux-amd64/jdk8u45/3457/hotspot/src/share/vm/prims/jni.cpp, line 709]
Event: 262,658 Thread 0x00007f297c009000 Exception <a 'java/io/IOException'> (0x00000000efa657d0) thrown at [/RE-WORK/workspace/8-2-build-linux-amd64/jdk8u45/3457/hotspot/src/share/vm/prims/jni.cpp, line 709]

Events (10 events):
Event: 262,656 Thread 0x00007f2950251800 Thread exited: 0x00007f2950251800
Event: 262,656 Executing VM operation: RevokeBias
Event: 262,657 Executing VM operation: RevokeBias done
Event: 262,657 Executing VM operation: RevokeBias
Event: 262,657 Executing VM operation: RevokeBias done
Event: 262,657 Thread 0x00007f297c005800 Thread exited: 0x00007f297c005800
Event: 262,658 loading class java/io/InterruptedIOException
Event: 262,658 loading class java/io/InterruptedIOException done
Event: 262,659 Thread 0x00007f297c009000 Thread exited: 0x00007f297c009000
Event: 262,678 Executing VM operation: Exit


Dynamic libraries:
00400000-00401000 r-xp 00000000 08:03 4724222                            /usr/lib/jvm/java-8-oracle/jre/bin/java
00600000-00601000 rw-p 00000000 08:03 4724222                            /usr/lib/jvm/java-8-oracle/jre/bin/java
01e7d000-01e9e000 rw-p 00000000 00:00 0                                  [heap]
c4400000-c7e00000 rw-p 00000000 00:00 0 
c7e00000-ec180000 ---p 00000000 00:00 0 
ec180000-fed80000 rw-p 00000000 00:00 0 
fed80000-100000000 ---p 00000000 00:00 0 
100000000-10068c000 rw-p 00000000 00:00 0 
10068c000-140000000 ---p 00000000 00:00 0 
7f293a3a1000-7f293a3a2000 r--s 00000000 08:03 3804520                    /var/cache/fontconfig/c05880de57d1f5e948fdfacc138775d9-le64.cache-4
7f293a3a2000-7f293a3ad000 r--s 00000000 08:03 3804519                    /var/cache/fontconfig/945677eb7aeaf62f1d50efc3fb3ec7d8-le64.cache-4
7f293a3ad000-7f293a3af000 r--s 00000000 08:03 3804518                    /var/cache/fontconfig/99e8ed0e538f840c565b6ed5dad60d56-le64.cache-4
7f293a3af000-7f293a3b5000 r--s 00000000 08:03 3803584                    /var/cache/fontconfig/2cd17615ca594fa2959ae173292e504c-le64.cache-4
7f293a3b5000-7f293a3b6000 r--s 00000000 08:03 3803583                    /var/cache/fontconfig/e7071f4a29fa870f4323321c154eba04-le64.cache-4
7f293a3b6000-7f293a3b7000 r--s 00000000 08:03 3803576                    /var/cache/fontconfig/0d8c3b2ac0904cb8a57a757ad11a4a08-le64.cache-4
7f293a3b7000-7f293a3be000 r--s 00000000 08:03 3803571                    /var/cache/fontconfig/a755afe4a08bf5b97852ceb7400b47bc-le64.cache-4
7f293a3be000-7f293a3ca000 r--s 00000000 08:03 3804512                    /var/cache/fontconfig/6d41288fd70b0be22e8c3a91e032eec0-le64.cache-4
7f293a3ca000-7f293a3de000 r--s 00000000 08:03 3804510                    /var/cache/fontconfig/04aabc0a78ac019cf9454389977116d2-le64.cache-4
7f293a3de000-7f293a3e3000 r--s 00000000 08:03 3803432                    /var/cache/fontconfig/eb48934c523a49add3824bfad8846c40-le64.cache-4
7f293a3e3000-7f293a3e8000 r--s 00000000 08:03 3804509                    /var/cache/fontconfig/385c0604a188198f04d133e54aba7fe7-le64.cache-4
7f293a3e8000-7f293a3ea000 r--s 00000000 08:03 3803429                    /var/cache/fontconfig/767a8244fc0220cfb567a839d0392e0b-le64.cache-4
7f293a3ea000-7f293a3ef000 r--s 00000000 08:03 3803414                    /var/cache/fontconfig/8801497958630a81b71ace7c5f9b32a8-le64.cache-4
7f293a3ef000-7f293a402000 r--s 00000000 08:03 3803406                    /var/cache/fontconfig/d52a8644073d54c13679302ca1180695-le64.cache-4
7f293a871000-7f293a8da000 r-xp 00000000 08:03 4723988                    /usr/lib/jvm/java-8-oracle/jre/lib/amd64/libt2k.so
7f293a8da000-7f293aad9000 ---p 00069000 08:03 4723988                    /usr/lib/jvm/java-8-oracle/jre/lib/amd64/libt2k.so
7f293aad9000-7f293aae0000 rw-p 00068000 08:03 4723988                    /usr/lib/jvm/java-8-oracle/jre/lib/amd64/libt2k.so
7f293aae0000-7f293aaf0000 rw-p 00000000 00:00 0 
7f293ac20000-7f293ad20000 rw-s 115828000 00:05 9427                      /dev/dri/card0
7f293ad20000-7f293ad21000 r--s 00000000 08:03 3803444                    /var/cache/fontconfig/1ac9eb803944fde146138c791f5cc56a-le64.cache-4
7f293ad21000-7f293ad28000 r--s 00000000 08:03 3804482                    /var/cache/fontconfig/3047814df9a2f067bd2d96a2b9c36e5a-le64.cache-4
7f293ad28000-7f293ad2e000 r--s 00000000 08:03 3804480                    /var/cache/fontconfig/b47c4e1ecd0709278f4910c18777a504-le64.cache-4
7f293ad2e000-7f293ad37000 r--s 00000000 08:03 3801299                    /var/cache/fontconfig/3f7329c5293ffd510edef78f73874cfd-le64.cache-4
7f293ad37000-7f293ad42000 r--s 00000000 08:03 3804476                    /var/cache/fontconfig/d589a48862398ed80a3d6066f4f56f4c-le64.cache-4
7f293adc1000-7f293af81000 rw-p 00000000 00:00 0 
7f293af81000-7f293afc1000 ---p 00000000 00:00 0 
7f293afc1000-7f293afc2000 ---p 00000000 00:00 0 
7f293afc2000-7f293b7c2000 rw-p 00000000 00:00 0                          [stack:14109]
7f293b7c2000-7f293b7e9000 r-xp 00000000 08:03 4980957                    /lib/x86_64-linux-gnu/libexpat.so.1.6.0
7f293b7e9000-7f293b9e9000 ---p 00027000 08:03 4980957                    /lib/x86_64-linux-gnu/libexpat.so.1.6.0
7f293b9e9000-7f293b9eb000 r--p 00027000 08:03 4980957                    /lib/x86_64-linux-gnu/libexpat.so.1.6.0
7f293b9eb000-7f293b9ec000 rw-p 00029000 08:03 4980957                    /lib/x86_64-linux-gnu/libexpat.so.1.6.0
7f293b9ec000-7f293bd85000 r-xp 00000000 08:03 2625979                    /usr/lib/x86_64-linux-gnu/dri/r600_dri.so
7f293bd85000-7f293bf84000 ---p 00399000 08:03 2625979                    /usr/lib/x86_64-linux-gnu/dri/r600_dri.so
7f293bf84000-7f293bfc2000 r--p 00398000 08:03 2625979                    /usr/lib/x86_64-linux-gnu/dri/r600_dri.so
7f293bfc2000-7f293bfcd000 rw-p 003d6000 08:03 2625979                    /usr/lib/x86_64-linux-gnu/dri/r600_dri.so
7f293bfcd000-7f293bfe9000 rw-p 00000000 00:00 0 
7f293bfe9000-7f293c02d000 r-xp 00000000 08:03 4981003                    /lib/x86_64-linux-gnu/libdbus-1.so.3.7.6
7f293c02d000-7f293c22c000 ---p 00044000 08:03 4981003                    /lib/x86_64-linux-gnu/libdbus-1.so.3.7.6
7f293c22c000-7f293c22d000 r--p 00043000 08:03 4981003                    /lib/x86_64-linux-gnu/libdbus-1.so.3.7.6
7f293c22d000-7f293c22e000 rw-p 00044000 08:03 4981003                    /lib/x86_64-linux-gnu/libdbus-1.so.3.7.6
7f293c22e000-7f293c236000 r-xp 00000000 08:03 4985153                    /lib/x86_64-linux-gnu/libnih-dbus.so.1.0.0
7f293c236000-7f293c436000 ---p 00008000 08:03 4985153                    /lib/x86_64-linux-gnu/libnih-dbus.so.1.0.0
7f293c436000-7f293c437000 r--p 00008000 08:03 4985153                    /lib/x86_64-linux-gnu/libnih-dbus.so.1.0.0
7f293c437000-7f293c438000 rw-p 00009000 08:03 4985153                    /lib/x86_64-linux-gnu/libnih-dbus.so.1.0.0
7f293c438000-7f293c44f000 r-xp 00000000 08:03 4985179                    /lib/x86_64-linux-gnu/libnih.so.1.0.0
7f293c44f000-7f293c64e000 ---p 00017000 08:03 4985179                    /lib/x86_64-linux-gnu/libnih.so.1.0.0
7f293c64e000-7f293c64f000 r--p 00016000 08:03 4985179                    /lib/x86_64-linux-gnu/libnih.so.1.0.0
7f293c64f000-7f293c650000 rw-p 00017000 08:03 4985179                    /lib/x86_64-linux-gnu/libnih.so.1.0.0
7f293c650000-7f293c669000 r-xp 00000000 08:03 4985181                    /lib/x86_64-linux-gnu/libcgmanager.so.0.0.0
7f293c669000-7f293c868000 ---p 00019000 08:03 4985181                    /lib/x86_64-linux-gnu/libcgmanager.so.0.0.0
7f293c868000-7f293c86a000 r--p 00018000 08:03 4985181                    /lib/x86_64-linux-gnu/libcgmanager.so.0.0.0
7f293c86a000-7f293c86b000 rw-p 0001a000 08:03 4985181                    /lib/x86_64-linux-gnu/libcgmanager.so.0.0.0
7f293c86b000-7f293c87b000 r-xp 00000000 08:03 4981007                    /lib/x86_64-linux-gnu/libudev.so.1.3.5
7f293c87b000-7f293ca7a000 ---p 00010000 08:03 4981007                    /lib/x86_64-linux-gnu/libudev.so.1.3.5
7f293ca7a000-7f293ca7b000 r--p 0000f000 08:03 4981007                    /lib/x86_64-linux-gnu/libudev.so.1.3.5
7f293ca7b000-7f293ca7c000 rw-p 00010000 08:03 4981007                    /lib/x86_64-linux-gnu/libudev.so.1.3.5
7f293ca7c000-7f293ca7e000 r-xp 00000000 08:03 2237138                    /usr/lib/x86_64-linux-gnu/libXinerama.so.1.0.0
7f293ca7e000-7f293cc7d000 ---p 00002000 08:03 2237138                    /usr/lib/x86_64-linux-gnu/libXinerama.so.1.0.0
7f293cc7d000-7f293cc7e000 r--p 00001000 08:03 2237138                    /usr/lib/x86_64-linux-gnu/libXinerama.so.1.0.0
7f293cc7e000-7f293cc7f000 rw-p 00002000 08:03 2237138                    /usr/lib/x86_64-linux-gnu/libXinerama.so.1.0.0
7f293cc7f000-7f293cc80000 ---p 00000000 00:00 0 
7f293cc80000-7f293d480000 rw-p 00000000 00:00 0 
7f293d480000-7f293d4a5000 r-xp 00000000 08:03 4985164                    /lib/x86_64-linux-gnu/libtinfo.so.5.9
7f293d4a5000-7f293d6a4000 ---p 00025000 08:03 4985164                    /lib/x86_64-linux-gnu/libtinfo.so.5.9
7f293d6a4000-7f293d6a8000 r--p 00024000 08:03 4985164                    /lib/x86_64-linux-gnu/libtinfo.so.5.9
7f293d6a8000-7f293d6a9000 rw-p 00028000 08:03 4985164                    /lib/x86_64-linux-gnu/libtinfo.so.5.9
7f293d6a9000-7f293d78f000 r-xp 00000000 08:03 2228610                    /usr/lib/x86_64-linux-gnu/libstdc++.so.6.0.19
7f293d78f000-7f293d98e000 ---p 000e6000 08:03 2228610                    /usr/lib/x86_64-linux-gnu/libstdc++.so.6.0.19
7f293d98e000-7f293d996000 r--p 000e5000 08:03 2228610                    /usr/lib/x86_64-linux-gnu/libstdc++.so.6.0.19
7f293d996000-7f293d998000 rw-p 000ed000 08:03 2228610                    /usr/lib/x86_64-linux-gnu/libstdc++.so.6.0.19
7f293d998000-7f293d9ad000 rw-p 00000000 00:00 0 
7f293d9ad000-7f293f1ab000 r-xp 00000000 08:03 2229752                    /usr/lib/x86_64-linux-gnu/libLLVM-3.4.so.1
7f293f1ab000-7f293f339000 r--p 017fd000 08:03 2229752                    /usr/lib/x86_64-linux-gnu/libLLVM-3.4.so.1
7f293f339000-7f293f33b000 rw-p 0198b000 08:03 2229752                    /usr/lib/x86_64-linux-gnu/libLLVM-3.4.so.1
7f293f33b000-7f293f34e000 rw-p 00000000 00:00 0 
7f293f34e000-7f293f35a000 r-xp 00000000 08:03 2229755                    /usr/lib/x86_64-linux-gnu/libdrm_radeon.so.1.0.1
7f293f35a000-7f293f559000 ---p 0000c000 08:03 2229755                    /usr/lib/x86_64-linux-gnu/libdrm_radeon.so.1.0.1
7f293f559000-7f293f55a000 r--p 0000b000 08:03 2229755                    /usr/lib/x86_64-linux-gnu/libdrm_radeon.so.1.0.1
7f293f55a000-7f293f55b000 rw-p 0000c000 08:03 2229755                    /usr/lib/x86_64-linux-gnu/libdrm_radeon.so.1.0.1
7f293f55b000-7f293f570000 r-xp 00000000 08:03 2239367                    /usr/lib/x86_64-linux-gnu/libelf-0.158.so
7f293f570000-7f293f76f000 ---p 00015000 08:03 2239367                    /usr/lib/x86_64-linux-gnu/libelf-0.158.so
7f293f76f000-7f293f770000 r--p 00014000 08:03 2239367                    /usr/lib/x86_64-linux-gnu/libelf-0.158.so
7f293f770000-7f293f771000 rw-p 00015000 08:03 2239367                    /usr/lib/x86_64-linux-gnu/libelf-0.158.so
7f293f771000-7f293f777000 r-xp 00000000 08:03 2231418                    /usr/lib/x86_64-linux-gnu/libdrm_nouveau.so.2.0.0
7f293f777000-7f293f976000 ---p 00006000 08:03 2231418                    /usr/lib/x86_64-linux-gnu/libdrm_nouveau.so.2.0.0
7f293f976000-7f293f977000 r--p 00005000 08:03 2231418                    /usr/lib/x86_64-linux-gnu/libdrm_nouveau.so.2.0.0
7f293f977000-7f293f978000 rw-p 00006000 08:03 2231418                    /usr/lib/x86_64-linux-gnu/libdrm_nouveau.so.2.0.0
7f293f978000-7f293f97f000 r-xp 00000000 08:03 2626725                    /usr/lib/x86_64-linux-gnu/mesa-egl/libOpenVG.so.1.0.0
7f293f97f000-7f293fb7e000 ---p 00007000 08:03 2626725                    /usr/lib/x86_64-linux-gnu/mesa-egl/libOpenVG.so.1.0.0
7f293fb7e000-7f293fb7f000 r--p 00006000 08:03 2626725                    /usr/lib/x86_64-linux-gnu/mesa-egl/libOpenVG.so.1.0.0
7f293fb7f000-7f293fb80000 rw-p 00007000 08:03 2626725                    /usr/lib/x86_64-linux-gnu/mesa-egl/libOpenVG.so.1.0.0
7f293fb80000-7f293fb82000 rw-p 00000000 00:00 0 
7f293fb82000-7f293fd6b000 r-xp 00000000 08:03 2228970                    /usr/lib/x86_64-linux-gnu/libgallium.so.0.0.0
7f293fd6b000-7f293ff6b000 ---p 001e9000 08:03 2228970                    /usr/lib/x86_64-linux-gnu/libgallium.so.0.0.0
7f293ff6b000-7f293ff7b000 r--p 001e9000 08:03 2228970                    /usr/lib/x86_64-linux-gnu/libgallium.so.0.0.0
7f293ff7b000-7f293ff7d000 rw-p 001f9000 08:03 2228970                    /usr/lib/x86_64-linux-gnu/libgallium.so.0.0.0
7f293ff7d000-7f2940145000 rw-p 00000000 00:00 0 
7f2940145000-7f2940765000 r-xp 00000000 08:03 2625973                    /usr/lib/x86_64-linux-gnu/egl/egl_gallium.so
7f2940765000-7f2940964000 ---p 00620000 08:03 2625973                    /usr/lib/x86_64-linux-gnu/egl/egl_gallium.so
7f2940964000-7f29409a5000 r--p 0061f000 08:03 2625973                    /usr/lib/x86_64-linux-gnu/egl/egl_gallium.so
7f29409a5000-7f29409b3000 rw-p 00660000 08:03 2625973                    /usr/lib/x86_64-linux-gnu/egl/egl_gallium.so
7f29409b3000-7f29409d3000 rw-p 00000000 00:00 0 
7f29409d3000-7f29409d9000 r-xp 00000000 08:03 2626717                    /usr/lib/x86_64-linux-gnu/mesa-egl/libGLESv2.so.2.0.0
7f29409d9000-7f2940bd9000 ---p 00006000 08:03 2626717                    /usr/lib/x86_64-linux-gnu/mesa-egl/libGLESv2.so.2.0.0
7f2940bd9000-7f2940bda000 r--p 00006000 08:03 2626717                    /usr/lib/x86_64-linux-gnu/mesa-egl/libGLESv2.so.2.0.0
7f2940bda000-7f2940bdb000 rw-p 00007000 08:03 2626717                    /usr/lib/x86_64-linux-gnu/mesa-egl/libGLESv2.so.2.0.0
7f2940bdb000-7f2940c21000 r-xp 00000000 08:03 262177                     /tmp/jogamp_0000/file_cache/jln6127653530997280620/jln1651795382582037935/natives/linux-amd64/libjogl_mobile.so
7f2940c21000-7f2940e21000 ---p 00046000 08:03 262177                     /tmp/jogamp_0000/file_cache/jln6127653530997280620/jln1651795382582037935/natives/linux-amd64/libjogl_mobile.so
7f2940e21000-7f2940e22000 rw-p 00046000 08:03 262177                     /tmp/jogamp_0000/file_cache/jln6127653530997280620/jln1651795382582037935/natives/linux-amd64/libjogl_mobile.so
7f2940e22000-7f2940e29000 r-xp 00000000 08:03 2232409                    /usr/lib/x86_64-linux-gnu/libffi.so.6.0.1
7f2940e29000-7f2941028000 ---p 00007000 08:03 2232409                    /usr/lib/x86_64-linux-gnu/libffi.so.6.0.1
7f2941028000-7f2941029000 r--p 00006000 08:03 2232409                    /usr/lib/x86_64-linux-gnu/libffi.so.6.0.1
7f2941029000-7f294102a000 rw-p 00007000 08:03 2232409                    /usr/lib/x86_64-linux-gnu/libffi.so.6.0.1
7f294102a000-7f2941031000 r-xp 00000000 08:03 2228317                    /usr/lib/x86_64-linux-gnu/libgbm.so.1.0.0
7f2941031000-7f2941230000 ---p 00007000 08:03 2228317                    /usr/lib/x86_64-linux-gnu/libgbm.so.1.0.0
7f2941230000-7f2941231000 r--p 00006000 08:03 2228317                    /usr/lib/x86_64-linux-gnu/libgbm.so.1.0.0
7f2941231000-7f2941232000 rw-p 00007000 08:03 2228317                    /usr/lib/x86_64-linux-gnu/libgbm.so.1.0.0
7f2941232000-7f2941241000 r-xp 00000000 08:03 2241882                    /usr/lib/x86_64-linux-gnu/libwayland-server.so.0.1.0
7f2941241000-7f2941440000 ---p 0000f000 08:03 2241882                    /usr/lib/x86_64-linux-gnu/libwayland-server.so.0.1.0
7f2941440000-7f2941442000 r--p 0000e000 08:03 2241882                    /usr/lib/x86_64-linux-gnu/libwayland-server.so.0.1.0
7f2941442000-7f2941443000 rw-p 00010000 08:03 2241882                    /usr/lib/x86_64-linux-gnu/libwayland-server.so.0.1.0
7f2941443000-7f294144e000 r-xp 00000000 08:03 2241897                    /usr/lib/x86_64-linux-gnu/libwayland-client.so.0.2.0
7f294144e000-7f294164d000 ---p 0000b000 08:03 2241897                    /usr/lib/x86_64-linux-gnu/libwayland-client.so.0.2.0
7f294164d000-7f294164f000 r--p 0000a000 08:03 2241897                    /usr/lib/x86_64-linux-gnu/libwayland-client.so.0.2.0
7f294164f000-7f2941650000 rw-p 0000c000 08:03 2241897                    /usr/lib/x86_64-linux-gnu/libwayland-client.so.0.2.0
7f2941650000-7f2941655000 r-xp 00000000 08:03 2228324                    /usr/lib/x86_64-linux-gnu/libxcb-xfixes.so.0.0.0
7f2941655000-7f2941855000 ---p 00005000 08:03 2228324                    /usr/lib/x86_64-linux-gnu/libxcb-xfixes.so.0.0.0
7f2941855000-7f2941856000 r--p 00005000 08:03 2228324                    /usr/lib/x86_64-linux-gnu/libxcb-xfixes.so.0.0.0
7f2941856000-7f2941857000 rw-p 00006000 08:03 2228324                    /usr/lib/x86_64-linux-gnu/libxcb-xfixes.so.0.0.0
7f2941857000-7f294187a000 r-xp 00000000 08:03 2625722                    /usr/lib/x86_64-linux-gnu/mesa-egl/libEGL.so.1.0.0
7f294187a000-7f2941a7a000 ---p 00023000 08:03 2625722                    /usr/lib/x86_64-linux-gnu/mesa-egl/libEGL.so.1.0.0
7f2941a7a000-7f2941a7b000 r--p 00023000 08:03 2625722                    /usr/lib/x86_64-linux-gnu/mesa-egl/libEGL.so.1.0.0
7f2941a7b000-7f2941a7c000 rw-p 00024000 08:03 2625722                    /usr/lib/x86_64-linux-gnu/mesa-egl/libEGL.so.1.0.0
7f2941a7c000-7f2941b24000 r-xp 00000000 08:03 262176                     /tmp/jogamp_0000/file_cache/jln6127653530997280620/jln1651795382582037935/natives/linux-amd64/libjogl_desktop.so
7f2941b24000-7f2941d24000 ---p 000a8000 08:03 262176                     /tmp/jogamp_0000/file_cache/jln6127653530997280620/jln1651795382582037935/natives/linux-amd64/libjogl_desktop.so
7f2941d24000-7f2941d25000 rw-p 000a8000 08:03 262176                     /tmp/jogamp_0000/file_cache/jln6127653530997280620/jln1651795382582037935/natives/linux-amd64/libjogl_desktop.so
7f2941d25000-7f2941d30000 r-xp 00000000 08:03 2232503                    /usr/lib/x86_64-linux-gnu/libdrm.so.2.4.0
7f2941d30000-7f2941f2f000 ---p 0000b000 08:03 2232503                    /usr/lib/x86_64-linux-gnu/libdrm.so.2.4.0
7f2941f2f000-7f2941f30000 r--p 0000a000 08:03 2232503                    /usr/lib/x86_64-linux-gnu/libdrm.so.2.4.0
7f2941f30000-7f2941f31000 rw-p 0000b000 08:03 2232503                    /usr/lib/x86_64-linux-gnu/libdrm.so.2.4.0
7f2941f31000-7f2941f32000 r-xp 00000000 08:03 2229750                    /usr/lib/x86_64-linux-gnu/libxshmfence.so.1.0.0
7f2941f32000-7f2942131000 ---p 00001000 08:03 2229750                    /usr/lib/x86_64-linux-gnu/libxshmfence.so.1.0.0
7f2942131000-7f2942132000 r--p 00000000 08:03 2229750                    /usr/lib/x86_64-linux-gnu/libxshmfence.so.1.0.0
7f2942132000-7f2942133000 rw-p 00001000 08:03 2229750                    /usr/lib/x86_64-linux-gnu/libxshmfence.so.1.0.0
7f2942133000-7f2942138000 r-xp 00000000 08:03 2228605                    /usr/lib/x86_64-linux-gnu/libxcb-sync.so.1.0.0
7f2942138000-7f2942337000 ---p 00005000 08:03 2228605                    /usr/lib/x86_64-linux-gnu/libxcb-sync.so.1.0.0
7f2942337000-7f2942338000 r--p 00004000 08:03 2228605                    /usr/lib/x86_64-linux-gnu/libxcb-sync.so.1.0.0
7f2942338000-7f2942339000 rw-p 00005000 08:03 2228605                    /usr/lib/x86_64-linux-gnu/libxcb-sync.so.1.0.0
7f2942339000-7f294233b000 r-xp 00000000 08:03 2228395                    /usr/lib/x86_64-linux-gnu/libxcb-present.so.0.0.0
7f294233b000-7f294253a000 ---p 00002000 08:03 2228395                    /usr/lib/x86_64-linux-gnu/libxcb-present.so.0.0.0
7f294253a000-7f294253b000 r--p 00001000 08:03 2228395                    /usr/lib/x86_64-linux-gnu/libxcb-present.so.0.0.0
7f294253b000-7f294253c000 rw-p 00002000 08:03 2228395                    /usr/lib/x86_64-linux-gnu/libxcb-present.so.0.0.0
7f294253c000-7f294253e000 r-xp 00000000 08:03 2228326                    /usr/lib/x86_64-linux-gnu/libxcb-dri3.so.0.0.0
7f294253e000-7f294273d000 ---p 00002000 08:03 2228326                    /usr/lib/x86_64-linux-gnu/libxcb-dri3.so.0.0.0
7f294273d000-7f294273e000 r--p 00001000 08:03 2228326                    /usr/lib/x86_64-linux-gnu/libxcb-dri3.so.0.0.0
7f294273e000-7f294273f000 rw-p 00002000 08:03 2228326                    /usr/lib/x86_64-linux-gnu/libxcb-dri3.so.0.0.0
7f294273f000-7f2942742000 r-xp 00000000 08:03 2232509                    /usr/lib/x86_64-linux-gnu/libxcb-dri2.so.0.0.0
7f2942742000-7f2942942000 ---p 00003000 08:03 2232509                    /usr/lib/x86_64-linux-gnu/libxcb-dri2.so.0.0.0
7f2942942000-7f2942943000 r--p 00003000 08:03 2232509                    /usr/lib/x86_64-linux-gnu/libxcb-dri2.so.0.0.0
7f2942943000-7f2942944000 rw-p 00004000 08:03 2232509                    /usr/lib/x86_64-linux-gnu/libxcb-dri2.so.0.0.0
7f2942944000-7f2942959000 r-xp 00000000 08:03 2239363                    /usr/lib/x86_64-linux-gnu/libxcb-glx.so.0.0.0
7f2942959000-7f2942b58000 ---p 00015000 08:03 2239363                    /usr/lib/x86_64-linux-gnu/libxcb-glx.so.0.0.0
7f2942b58000-7f2942b5a000 r--p 00014000 08:03 2239363                    /usr/lib/x86_64-linux-gnu/libxcb-glx.so.0.0.0
7f2942b5a000-7f2942b5b000 rw-p 00016000 08:03 2239363                    /usr/lib/x86_64-linux-gnu/libxcb-glx.so.0.0.0
7f2942b5b000-7f2942b5c000 r-xp 00000000 08:03 2228322                    /usr/lib/x86_64-linux-gnu/libX11-xcb.so.1.0.0
7f2942b5c000-7f2942d5b000 ---p 00001000 08:03 2228322                    /usr/lib/x86_64-linux-gnu/libX11-xcb.so.1.0.0
7f2942d5b000-7f2942d5c000 r--p 00000000 08:03 2228322                    /usr/lib/x86_64-linux-gnu/libX11-xcb.so.1.0.0
7f2942d5c000-7f2942d5d000 rw-p 00001000 08:03 2228322                    /usr/lib/x86_64-linux-gnu/libX11-xcb.so.1.0.0
7f2942d5d000-7f2942d5f000 r-xp 00000000 08:03 2237124                    /usr/lib/x86_64-linux-gnu/libXdamage.so.1.1.0
7f2942d5f000-7f2942f5e000 ---p 00002000 08:03 2237124                    /usr/lib/x86_64-linux-gnu/libXdamage.so.1.1.0
7f2942f5e000-7f2942f5f000 r--p 00001000 08:03 2237124                    /usr/lib/x86_64-linux-gnu/libXdamage.so.1.1.0
7f2942f5f000-7f2942f60000 rw-p 00002000 08:03 2237124                    /usr/lib/x86_64-linux-gnu/libXdamage.so.1.1.0
7f2942f60000-7f2942f82000 r-xp 00000000 08:03 2238202                    /usr/lib/x86_64-linux-gnu/libglapi.so.0.0.0
7f2942f82000-7f2943182000 ---p 00022000 08:03 2238202                    /usr/lib/x86_64-linux-gnu/libglapi.so.0.0.0
7f2943182000-7f2943185000 r--p 00022000 08:03 2238202                    /usr/lib/x86_64-linux-gnu/libglapi.so.0.0.0
7f2943185000-7f2943186000 rw-p 00025000 08:03 2238202                    /usr/lib/x86_64-linux-gnu/libglapi.so.0.0.0
7f2943186000-7f2943187000 rw-p 00000000 00:00 0 
7f2943187000-7f29431e9000 r-xp 00000000 08:03 2626661                    /usr/lib/x86_64-linux-gnu/mesa/libGL.so.1.2.0
7f29431e9000-7f29433e8000 ---p 00062000 08:03 2626661                    /usr/lib/x86_64-linux-gnu/mesa/libGL.so.1.2.0
7f29433e8000-7f29433eb000 r--p 00061000 08:03 2626661                    /usr/lib/x86_64-linux-gnu/mesa/libGL.so.1.2.0
7f29433eb000-7f29433ec000 rw-p 00064000 08:03 2626661                    /usr/lib/x86_64-linux-gnu/mesa/libGL.so.1.2.0
7f29433ec000-7f29435ed000 rw-p 00000000 00:00 0 
7f29435ed000-7f29435f4000 r-xp 00000000 08:03 262179                     /tmp/jogamp_0000/file_cache/jln6127653530997280620/jln1651795382582037935/natives/linux-amd64/libnativewindow_x11.so
7f29435f4000-7f29437f3000 ---p 00007000 08:03 262179                     /tmp/jogamp_0000/file_cache/jln6127653530997280620/jln1651795382582037935/natives/linux-amd64/libnativewindow_x11.so
7f29437f3000-7f29437f4000 rw-p 00006000 08:03 262179                     /tmp/jogamp_0000/file_cache/jln6127653530997280620/jln1651795382582037935/natives/linux-amd64/libnativewindow_x11.so
7f29437f4000-7f29437f8000 r-xp 00000000 08:03 2237160                    /usr/lib/x86_64-linux-gnu/libXxf86vm.so.1.0.0
7f29437f8000-7f29439f8000 ---p 00004000 08:03 2237160                    /usr/lib/x86_64-linux-gnu/libXxf86vm.so.1.0.0
7f29439f8000-7f29439f9000 r--p 00004000 08:03 2237160                    /usr/lib/x86_64-linux-gnu/libXxf86vm.so.1.0.0
7f29439f9000-7f29439fa000 rw-p 00005000 08:03 2237160                    /usr/lib/x86_64-linux-gnu/libXxf86vm.so.1.0.0
7f29439fa000-7f29439fc000 r-xp 00000000 08:03 262178                     /tmp/jogamp_0000/file_cache/jln6127653530997280620/jln1651795382582037935/natives/linux-amd64/libnativewindow_awt.so
7f29439fc000-7f2943bfb000 ---p 00002000 08:03 262178                     /tmp/jogamp_0000/file_cache/jln6127653530997280620/jln1651795382582037935/natives/linux-amd64/libnativewindow_awt.so
7f2943bfb000-7f2943bfc000 rw-p 00001000 08:03 262178                     /tmp/jogamp_0000/file_cache/jln6127653530997280620/jln1651795382582037935/natives/linux-amd64/libnativewindow_awt.so
7f2943bfc000-7f2943bfd000 r-xp 00000000 08:03 4723974                    /usr/lib/jvm/java-8-oracle/jre/lib/amd64/libjawt.so
7f2943bfd000-7f2943dfc000 ---p 00001000 08:03 4723974                    /usr/lib/jvm/java-8-oracle/jre/lib/amd64/libjawt.so
7f2943dfc000-7f2943dfd000 rw-p 00000000 08:03 4723974                    /usr/lib/jvm/java-8-oracle/jre/lib/amd64/libjawt.so
7f2943dfd000-7f2943dff000 r-xp 00000000 08:03 262175                     /tmp/jogamp_0000/file_cache/jln6127653530997280620/jln1651795382582037935/natives/linux-amd64/libgluegen-rt.so
7f2943dff000-7f2943fff000 ---p 00002000 08:03 262175                     /tmp/jogamp_0000/file_cache/jln6127653530997280620/jln1651795382582037935/natives/linux-amd64/libgluegen-rt.so
7f2943fff000-7f2944000000 rw-p 00002000 08:03 262175                     /tmp/jogamp_0000/file_cache/jln6127653530997280620/jln1651795382582037935/natives/linux-amd64/libgluegen-rt.so
7f2944000000-7f2944024000 rw-p 00000000 00:00 0 
7f2944024000-7f2948000000 ---p 00000000 00:00 0 
7f2948000000-7f2948401000 rw-p 00000000 00:00 0 
7f2948401000-7f294c000000 ---p 00000000 00:00 0 
7f294c000000-7f294c805000 rw-p 00000000 00:00 0 
7f294c805000-7f2950000000 ---p 00000000 00:00 0 
7f2950000000-7f295096d000 rw-p 00000000 00:00 0 
7f295096d000-7f2954000000 ---p 00000000 00:00 0 
7f2954000000-7f29542aa000 rw-p 00000000 00:00 0 
7f29542aa000-7f2958000000 ---p 00000000 00:00 0 
7f2958000000-7f2958f44000 rw-p 00000000 00:00 0 
7f2958f44000-7f295c000000 ---p 00000000 00:00 0 
7f295c000000-7f295c021000 rw-p 00000000 00:00 0 
7f295c021000-7f2960000000 ---p 00000000 00:00 0 
7f2960000000-7f2960030000 rw-p 00000000 00:00 0 
7f2960030000-7f2964000000 ---p 00000000 00:00 0 
7f2964000000-7f2964021000 rw-p 00000000 00:00 0 
7f2964021000-7f2968000000 ---p 00000000 00:00 0 
7f2968000000-7f2968458000 rw-p 00000000 00:00 0 
7f2968458000-7f296c000000 ---p 00000000 00:00 0 
7f296c000000-7f296c021000 rw-p 00000000 00:00 0 
7f296c021000-7f2970000000 ---p 00000000 00:00 0 
7f2970000000-7f2970021000 rw-p 00000000 00:00 0 
7f2970021000-7f2974000000 ---p 00000000 00:00 0 
7f2974000000-7f2974021000 rw-p 00000000 00:00 0 
7f2974021000-7f2978000000 ---p 00000000 00:00 0 
7f2978000000-7f2978021000 rw-p 00000000 00:00 0 
7f2978021000-7f297c000000 ---p 00000000 00:00 0 
7f297c000000-7f297c0aa000 rw-p 00000000 00:00 0 
7f297c0aa000-7f2980000000 ---p 00000000 00:00 0 
7f2980000000-7f2980036000 rw-p 00000000 00:00 0 
7f2980036000-7f2984000000 ---p 00000000 00:00 0 
7f2984000000-7f2984021000 rw-p 00000000 00:00 0 
7f2984021000-7f2988000000 ---p 00000000 00:00 0 
7f2988000000-7f2988021000 rw-p 00000000 00:00 0 
7f2988021000-7f298c000000 ---p 00000000 00:00 0 
7f298c000000-7f298c021000 rw-p 00000000 00:00 0 
7f298c021000-7f2990000000 ---p 00000000 00:00 0 
7f2990000000-7f2990348000 rw-p 00000000 00:00 0 
7f2990348000-7f2994000000 ---p 00000000 00:00 0 
7f2994000000-7f2994021000 rw-p 00000000 00:00 0 
7f2994021000-7f2998000000 ---p 00000000 00:00 0 
7f2998000000-7f299803e000 rw-p 00000000 00:00 0 
7f299803e000-7f299c000000 ---p 00000000 00:00 0 
7f299c000000-7f299c021000 rw-p 00000000 00:00 0 
7f299c021000-7f29a0000000 ---p 00000000 00:00 0 
7f29a0000000-7f29a0021000 rw-p 00000000 00:00 0 
7f29a0021000-7f29a4000000 ---p 00000000 00:00 0 
7f29a4000000-7f29a4021000 rw-p 00000000 00:00 0 
7f29a4021000-7f29a8000000 ---p 00000000 00:00 0 
7f29a8000000-7f29a805a000 rw-p 00000000 00:00 0 
7f29a805a000-7f29ac000000 ---p 00000000 00:00 0 
7f29ac000000-7f29ac021000 rw-p 00000000 00:00 0 
7f29ac021000-7f29b0000000 ---p 00000000 00:00 0 
7f29b0117000-7f29b011d000 rw-s 11de39000 00:05 9427                      /dev/dri/card0
7f29b011d000-7f29b012f000 rw-s 11de27000 00:05 9427                      /dev/dri/card0
7f29b012f000-7f29b0141000 rw-s 11de10000 00:05 9427                      /dev/dri/card0
7f29b0141000-7f29b0142000 rw-s 11ddf7000 00:05 9427                      /dev/dri/card0
7f29b0142000-7f29b0143000 rw-s 11ddf6000 00:05 9427                      /dev/dri/card0
7f29b0146000-7f29b0147000 r--s 00000000 08:03 3804483                    /var/cache/fontconfig/dc05db6664285cc2f12bf69c139ae4c3-le64.cache-4
7f29b0149000-7f29b014a000 rw-s 11de3f000 00:05 9427                      /dev/dri/card0
7f29b014a000-7f29b014b000 rw-s 11ddfe000 00:05 9427                      /dev/dri/card0
7f29b014b000-7f29b0150000 rw-s 11de22000 00:05 9427                      /dev/dri/card0
7f29b0150000-7f29b0151000 rw-s 11de0e000 00:05 9427                      /dev/dri/card0
7f29b016f000-7f29b0172000 ---p 00000000 00:00 0 
7f29b0172000-7f29b0270000 rw-p 00000000 00:00 0 
7f29b0270000-7f29b0281000 r-xp 00000000 08:03 4724001                    /usr/lib/jvm/java-8-oracle/jre/lib/amd64/libnio.so
7f29b0281000-7f29b0480000 ---p 00011000 08:03 4724001                    /usr/lib/jvm/java-8-oracle/jre/lib/amd64/libnio.so
7f29b0480000-7f29b0481000 rw-p 00010000 08:03 4724001                    /usr/lib/jvm/java-8-oracle/jre/lib/amd64/libnio.so
7f29b0481000-7f29b0681000 rw-p 00000000 00:00 0 
7f29b0681000-7f29b0684000 ---p 00000000 00:00 0 
7f29b0684000-7f29b0782000 rw-p 00000000 00:00 0                          [stack:14119]
7f29b0782000-7f29b0785000 ---p 00000000 00:00 0 
7f29b0785000-7f29b0883000 rw-p 00000000 00:00 0                          [stack:14117]
7f29b0883000-7f29b0886000 ---p 00000000 00:00 0 
7f29b0886000-7f29b0984000 rw-p 00000000 00:00 0                          [stack:14118]
7f29b0984000-7f29b0987000 ---p 00000000 00:00 0 
7f29b0987000-7f29b0c85000 rw-p 00000000 00:00 0 
7f29b0c85000-7f29b0c88000 ---p 00000000 00:00 0 
7f29b0c88000-7f29b0d86000 rw-p 00000000 00:00 0                          [stack:14078]
7f29b0d86000-7f29b0d8b000 r-xp 00000000 08:03 2230717                    /usr/lib/x86_64-linux-gnu/libXfixes.so.3.1.0
7f29b0d8b000-7f29b0f8a000 ---p 00005000 08:03 2230717                    /usr/lib/x86_64-linux-gnu/libXfixes.so.3.1.0
7f29b0f8a000-7f29b0f8b000 r--p 00004000 08:03 2230717                    /usr/lib/x86_64-linux-gnu/libXfixes.so.3.1.0
7f29b0f8b000-7f29b0f8c000 rw-p 00005000 08:03 2230717                    /usr/lib/x86_64-linux-gnu/libXfixes.so.3.1.0
7f29b0f8c000-7f29b0f95000 r-xp 00000000 08:03 2237122                    /usr/lib/x86_64-linux-gnu/libXcursor.so.1.0.2
7f29b0f95000-7f29b1194000 ---p 00009000 08:03 2237122                    /usr/lib/x86_64-linux-gnu/libXcursor.so.1.0.2
7f29b1194000-7f29b1195000 r--p 00008000 08:03 2237122                    /usr/lib/x86_64-linux-gnu/libXcursor.so.1.0.2
7f29b1195000-7f29b1196000 rw-p 00009000 08:03 2237122                    /usr/lib/x86_64-linux-gnu/libXcursor.so.1.0.2
7f29b1196000-7f29b1199000 ---p 00000000 00:00 0 
7f29b1199000-7f29b1497000 rw-p 00000000 00:00 0                          [stack:14077]
7f29b1497000-7f29b14ad000 r-xp 00000000 08:03 4980939                    /lib/x86_64-linux-gnu/libgcc_s.so.1
7f29b14ad000-7f29b16ac000 ---p 00016000 08:03 4980939                    /lib/x86_64-linux-gnu/libgcc_s.so.1
7f29b16ac000-7f29b16ad000 rw-p 00015000 08:03 4980939                    /lib/x86_64-linux-gnu/libgcc_s.so.1
7f29b16ad000-7f29b1712000 r-xp 00000000 08:03 4723992                    /usr/lib/jvm/java-8-oracle/jre/lib/amd64/libfontmanager.so
7f29b1712000-7f29b1911000 ---p 00065000 08:03 4723992                    /usr/lib/jvm/java-8-oracle/jre/lib/amd64/libfontmanager.so
7f29b1911000-7f29b1916000 rw-p 00064000 08:03 4723992                    /usr/lib/jvm/java-8-oracle/jre/lib/amd64/libfontmanager.so
7f29b1916000-7f29b1b26000 rw-p 00000000 00:00 0 
7f29b1b26000-7f29b1d26000 rw-p 00000000 00:00 0 
7f29b1d26000-7f29b1d2b000 r-xp 00000000 08:03 2237126                    /usr/lib/x86_64-linux-gnu/libXdmcp.so.6.0.0
7f29b1d2b000-7f29b1f2a000 ---p 00005000 08:03 2237126                    /usr/lib/x86_64-linux-gnu/libXdmcp.so.6.0.0
7f29b1f2a000-7f29b1f2b000 r--p 00004000 08:03 2237126                    /usr/lib/x86_64-linux-gnu/libXdmcp.so.6.0.0
7f29b1f2b000-7f29b1f2c000 rw-p 00005000 08:03 2237126                    /usr/lib/x86_64-linux-gnu/libXdmcp.so.6.0.0
7f29b1f2c000-7f29b1f2e000 r-xp 00000000 08:03 2237115                    /usr/lib/x86_64-linux-gnu/libXau.so.6.0.0
7f29b1f2e000-7f29b212e000 ---p 00002000 08:03 2237115                    /usr/lib/x86_64-linux-gnu/libXau.so.6.0.0
7f29b212e000-7f29b212f000 r--p 00002000 08:03 2237115                    /usr/lib/x86_64-linux-gnu/libXau.so.6.0.0
7f29b212f000-7f29b2130000 rw-p 00003000 08:03 2237115                    /usr/lib/x86_64-linux-gnu/libXau.so.6.0.0
7f29b2130000-7f29b214d000 r-xp 00000000 08:03 2236893                    /usr/lib/x86_64-linux-gnu/libxcb.so.1.1.0
7f29b214d000-7f29b234d000 ---p 0001d000 08:03 2236893                    /usr/lib/x86_64-linux-gnu/libxcb.so.1.1.0
7f29b234d000-7f29b234e000 r--p 0001d000 08:03 2236893                    /usr/lib/x86_64-linux-gnu/libxcb.so.1.1.0
7f29b234e000-7f29b234f000 rw-p 0001e000 08:03 2236893                    /usr/lib/x86_64-linux-gnu/libxcb.so.1.1.0
7f29b234f000-7f29b235e000 r-xp 00000000 08:03 2229656                    /usr/lib/x86_64-linux-gnu/libXi.so.6.1.0
7f29b235e000-7f29b255d000 ---p 0000f000 08:03 2229656                    /usr/lib/x86_64-linux-gnu/libXi.so.6.1.0
7f29b255d000-7f29b255e000 r--p 0000e000 08:03 2229656                    /usr/lib/x86_64-linux-gnu/libXi.so.6.1.0
7f29b255e000-7f29b255f000 rw-p 0000f000 08:03 2229656                    /usr/lib/x86_64-linux-gnu/libXi.so.6.1.0
7f29b255f000-7f29b2564000 r-xp 00000000 08:03 2237154                    /usr/lib/x86_64-linux-gnu/libXtst.so.6.1.0
7f29b2564000-7f29b2763000 ---p 00005000 08:03 2237154                    /usr/lib/x86_64-linux-gnu/libXtst.so.6.1.0
7f29b2763000-7f29b2764000 r--p 00004000 08:03 2237154                    /usr/lib/x86_64-linux-gnu/libXtst.so.6.1.0
7f29b2764000-7f29b2765000 rw-p 00005000 08:03 2237154                    /usr/lib/x86_64-linux-gnu/libXtst.so.6.1.0
7f29b2765000-7f29b276e000 r-xp 00000000 08:03 2237243                    /usr/lib/x86_64-linux-gnu/libXrender.so.1.3.0
7f29b276e000-7f29b296d000 ---p 00009000 08:03 2237243                    /usr/lib/x86_64-linux-gnu/libXrender.so.1.3.0
7f29b296d000-7f29b296e000 r--p 00008000 08:03 2237243                    /usr/lib/x86_64-linux-gnu/libXrender.so.1.3.0
7f29b296e000-7f29b296f000 rw-p 00009000 08:03 2237243                    /usr/lib/x86_64-linux-gnu/libXrender.so.1.3.0
7f29b296f000-7f29b2a9f000 r-xp 00000000 08:03 2237369                    /usr/lib/x86_64-linux-gnu/libX11.so.6.3.0
7f29b2a9f000-7f29b2c9f000 ---p 00130000 08:03 2237369                    /usr/lib/x86_64-linux-gnu/libX11.so.6.3.0
7f29b2c9f000-7f29b2ca0000 r--p 00130000 08:03 2237369                    /usr/lib/x86_64-linux-gnu/libX11.so.6.3.0
7f29b2ca0000-7f29b2ca4000 rw-p 00131000 08:03 2237369                    /usr/lib/x86_64-linux-gnu/libX11.so.6.3.0
7f29b2ca4000-7f29b2cb5000 r-xp 00000000 08:03 2238115                    /usr/lib/x86_64-linux-gnu/libXext.so.6.4.0
7f29b2cb5000-7f29b2eb4000 ---p 00011000 08:03 2238115                    /usr/lib/x86_64-linux-gnu/libXext.so.6.4.0
7f29b2eb4000-7f29b2eb5000 r--p 00010000 08:03 2238115                    /usr/lib/x86_64-linux-gnu/libXext.so.6.4.0
7f29b2eb5000-7f29b2eb6000 rw-p 00011000 08:03 2238115                    /usr/lib/x86_64-linux-gnu/libXext.so.6.4.0
7f29b2eb6000-7f29b2f0a000 r-xp 00000000 08:03 4724034                    /usr/lib/jvm/java-8-oracle/jre/lib/amd64/libawt_xawt.so
7f29b2f0a000-7f29b310a000 ---p 00054000 08:03 4724034                    /usr/lib/jvm/java-8-oracle/jre/lib/amd64/libawt_xawt.so
7f29b310a000-7f29b310e000 rw-p 00054000 08:03 4724034                    /usr/lib/jvm/java-8-oracle/jre/lib/amd64/libawt_xawt.so
7f29b310e000-7f29b310f000 rw-p 00000000 00:00 0 
7f29b310f000-7f29b31b1000 r-xp 00000000 08:03 4724019                    /usr/lib/jvm/java-8-oracle/jre/lib/amd64/libawt.so
7f29b31b1000-7f29b33b1000 ---p 000a2000 08:03 4724019                    /usr/lib/jvm/java-8-oracle/jre/lib/amd64/libawt.so
7f29b33b1000-7f29b33bd000 rw-p 000a2000 08:03 4724019                    /usr/lib/jvm/java-8-oracle/jre/lib/amd64/libawt.so
7f29b33bd000-7f29b35e1000 rw-p 00000000 00:00 0 
7f29b35e1000-7f29b35e4000 ---p 00000000 00:00 0 
7f29b35e4000-7f29b36e2000 rw-p 00000000 00:00 0 
7f29b36e2000-7f29b36e5000 ---p 00000000 00:00 0 
7f29b36e5000-7f29b37e3000 rw-p 00000000 00:00 0                          [stack:14036]
7f29b37e3000-7f29b37e6000 ---p 00000000 00:00 0 
7f29b37e6000-7f29b38e4000 rw-p 00000000 00:00 0                          [stack:14035]
7f29b38e4000-7f29b38e7000 ---p 00000000 00:00 0 
7f29b38e7000-7f29b39e5000 rw-p 00000000 00:00 0                          [stack:14034]
7f29b39e5000-7f29b39e8000 ---p 00000000 00:00 0 
7f29b39e8000-7f29b3ae6000 rw-p 00000000 00:00 0                          [stack:14032]
7f29b3ae6000-7f29b3ae9000 ---p 00000000 00:00 0 
7f29b3ae9000-7f29b3be7000 rw-p 00000000 00:00 0 
7f29b3be7000-7f29b3bfd000 r-xp 00000000 08:03 4724017                    /usr/lib/jvm/java-8-oracle/jre/lib/amd64/libnet.so
7f29b3bfd000-7f29b3dfd000 ---p 00016000 08:03 4724017                    /usr/lib/jvm/java-8-oracle/jre/lib/amd64/libnet.so
7f29b3dfd000-7f29b3dfe000 rw-p 00016000 08:03 4724017                    /usr/lib/jvm/java-8-oracle/jre/lib/amd64/libnet.so
7f29b3dfe000-7f29b3e01000 ---p 00000000 00:00 0 
7f29b3e01000-7f29b3eff000 rw-p 00000000 00:00 0 
7f29b3eff000-7f29b3f02000 ---p 00000000 00:00 0 
7f29b3f02000-7f29b4000000 rw-p 00000000 00:00 0                          [stack:14207]
7f29b4000000-7f29b4021000 rw-p 00000000 00:00 0 
7f29b4021000-7f29b8000000 ---p 00000000 00:00 0 
7f29b8000000-7f29b8001000 r--s 00000000 08:03 3803428                    /var/cache/fontconfig/4794a0821666d79190d59a36cb4f44b5-le64.cache-4
7f29b8001000-7f29b8002000 r--s 00000000 08:03 3803410                    /var/cache/fontconfig/56cf4f4769d0f4abc89a4895d7bd3ae1-le64.cache-4
7f29b8002000-7f29b8003000 r--s 00000000 08:03 3803408                    /var/cache/fontconfig/b9d506c9ac06c20b433354fa67a72993-le64.cache-4
7f29b8003000-7f29b8006000 r--s 00000000 08:03 3804445                    /var/cache/fontconfig/e13b20fdb08344e0e664864cc2ede53d-le64.cache-4
7f29b800b000-7f29b800c000 rw-s 11de05000 00:05 9427                      /dev/dri/card0
7f29b800c000-7f29b800d000 rw-s 11e962000 00:05 9427                      /dev/dri/card0
7f29b800d000-7f29b800e000 rw-s 11e961000 00:05 9427                      /dev/dri/card0
7f29b800e000-7f29b800f000 rw-s 11e960000 00:05 9427                      /dev/dri/card0
7f29b8017000-7f29b8018000 rw-s 11de0d000 00:05 9427                      /dev/dri/card0
7f29b8019000-7f29b801a000 r--s 00000000 08:03 3803401                    /var/cache/fontconfig/0c9eb80ebd1c36541ebe2852d3bb0c49-le64.cache-4
7f29b801a000-7f29b801f000 r--s 00000000 08:03 3804475                    /var/cache/fontconfig/7ef2298fde41cc6eeb7af42e48b7d293-le64.cache-4
7f29b8035000-7f29b8036000 rw-s 11de09000 00:05 9427                      /dev/dri/card0
7f29b8036000-7f29b8037000 rw-s 11de08000 00:05 9427                      /dev/dri/card0
7f29b8037000-7f29b8038000 rw-s 11cc06000 00:05 9427                      /dev/dri/card0
7f29b8038000-7f29b8039000 rw-s 11cc05000 00:05 9427                      /dev/dri/card0
7f29b803f000-7f29b8040000 rw-s 11df28000 00:05 9427                      /dev/dri/card0
7f29b8040000-7f29b8041000 rw-s 11ddfa000 00:05 9427                      /dev/dri/card0
7f29b8041000-7f29b8042000 rw-s 11ddf9000 00:05 9427                      /dev/dri/card0
7f29b8043000-7f29b8053000 rw-s 11d0c2000 00:05 9427                      /dev/dri/card0
7f29b8063000-7f29b8073000 rw-s 11ca7b000 00:05 9427                      /dev/dri/card0
7f29b8073000-7f29b8083000 rw-s 11ca6b000 00:05 9427                      /dev/dri/card0
7f29b8093000-7f29b8096000 ---p 00000000 00:00 0 
7f29b8096000-7f29b80cc000 rw-p 00000000 00:00 0 
7f29b80cc000-7f29b80d1000 r--s 00094000 08:03 4724213                    /usr/lib/jvm/java-8-oracle/jre/lib/jsse.jar
7f29b80d1000-7f29b80d2000 rw-s 116322000 00:05 9427                      /dev/dri/card0
7f29b80d2000-7f29b80d3000 rw-s 115d0f000 00:05 9427                      /dev/dri/card0
7f29b80d3000-7f29b80d4000 rwxp 00000000 00:00 0 
7f29b80e3000-7f29b82e4000 rw-p 00000000 00:00 0 
7f29b82e4000-7f29b8305000 r--s 0015a000 00:19 10094061                   /home/xywzel/.m2/repository/org/bouncycastle/bcprov-jdk14/1.38/bcprov-jdk14-1.38.jar
7f29b8305000-7f29b8505000 rw-p 00000000 00:00 0 
7f29b8505000-7f29b8544000 r--s 00340000 00:19 15073317                   /home/xywzel/.m2/repository/org/clojure/clojure/1.6.0/clojure-1.6.0.jar
7f29b8544000-7f29b8546000 r--s 00008000 00:19 10093417                   /home/xywzel/.m2/repository/org/clojure/tools.nrepl/0.2.3/tools.nrepl-0.2.3.jar
7f29b8546000-7f29b854a000 r--s 00097000 00:19 10094079                   /home/xywzel/.m2/repository/quil/processing-core/2.2.1/processing-core-2.2.1.jar
7f29b854a000-7f29b854e000 r--s 0002b000 00:19 10094056                   /home/xywzel/.m2/repository/bouncycastle/bcmail-jdk14/138/bcmail-jdk14-138.jar
7f29b854e000-7f29b8554000 r--s 0004d000 00:19 10094087                   /home/xywzel/.m2/repository/quil/gluegen-rt-fat/2.1.5/gluegen-rt-fat-2.1.5.jar
7f29b8554000-7f29b8555000 ---p 00000000 00:00 0 
7f29b8555000-7f29b8655000 rw-p 00000000 00:00 0 
7f29b8655000-7f29b8658000 ---p 00000000 00:00 0 
7f29b8658000-7f29b8756000 rw-p 00000000 00:00 0                          [stack:14026]
7f29b8756000-7f29b8759000 ---p 00000000 00:00 0 
7f29b8759000-7f29b8857000 rw-p 00000000 00:00 0                          [stack:14025]
7f29b8857000-7f29b885a000 ---p 00000000 00:00 0 
7f29b885a000-7f29b8958000 rw-p 00000000 00:00 0                          [stack:14024]
7f29b8958000-7f29b895b000 ---p 00000000 00:00 0 
7f29b895b000-7f29b8a59000 rw-p 00000000 00:00 0                          [stack:14023]
7f29b8a59000-7f29b8a5c000 ---p 00000000 00:00 0 
7f29b8a5c000-7f29b8b5a000 rw-p 00000000 00:00 0                          [stack:14022]
7f29b8b5a000-7f29b9a18000 r--p 00000000 08:03 2228850                    /usr/lib/locale/locale-archive
7f29b9a18000-7f29b9a1b000 ---p 00000000 00:00 0 
7f29b9a1b000-7f29b9b19000 rw-p 00000000 00:00 0                          [stack:14021]
7f29b9b19000-7f29b9b1c000 ---p 00000000 00:00 0 
7f29b9b1c000-7f29b9c1a000 rw-p 00000000 00:00 0                          [stack:14020]
7f29b9c1a000-7f29b9c1b000 ---p 00000000 00:00 0 
7f29b9c1b000-7f29bc000000 rw-p 00000000 00:00 0                          [stack:14019]
7f29bc000000-7f29bc021000 rw-p 00000000 00:00 0 
7f29bc021000-7f29c0000000 ---p 00000000 00:00 0 
7f29c0000000-7f29c0021000 r--s 0015a000 00:19 10094059                   /home/xywzel/.m2/repository/bouncycastle/bcprov-jdk14/138/bcprov-jdk14-138.jar
7f29c0021000-7f29c0044000 r--s 0049d000 00:19 10094084                   /home/xywzel/.m2/repository/quil/jogl-all-fat/2.1.5/jogl-all-fat-2.1.5.jar
7f29c0044000-7f29c0048000 r--s 0002b000 00:19 10094065                   /home/xywzel/.m2/repository/org/bouncycastle/bcmail-jdk14/1.38/bcmail-jdk14-1.38.jar
7f29c0048000-7f29c0054000 r--s 00108000 00:19 10094055                   /home/xywzel/.m2/repository/com/lowagie/itext/2.1.7/itext-2.1.7.jar
7f29c0054000-7f29c1000000 rw-p 00000000 00:00 0 
7f29c1000000-7f29c1760000 rwxp 00000000 00:00 0 
7f29c1760000-7f29d0000000 ---p 00000000 00:00 0 
7f29d0000000-7f29d11e7000 rw-p 00000000 00:00 0 
7f29d11e7000-7f29d4000000 ---p 00000000 00:00 0 
7f29d4000000-7f29d4001000 r--p 00000000 00:00 0 
7f29d4001000-7f29d4304000 rw-p 00000000 00:00 0 
7f29d4304000-7f29d44dd000 r--s 03d09000 08:03 4724118                    /usr/lib/jvm/java-8-oracle/jre/lib/rt.jar
7f29d44dd000-7f29d4731000 rw-p 00000000 00:00 0 
7f29d4731000-7f29d4732000 ---p 00000000 00:00 0 
7f29d4732000-7f29d4832000 rw-p 00000000 00:00 0                          [stack:14018]
7f29d4832000-7f29d4833000 ---p 00000000 00:00 0 
7f29d4833000-7f29d4933000 rw-p 00000000 00:00 0                          [stack:14017]
7f29d4933000-7f29d4934000 ---p 00000000 00:00 0 
7f29d4934000-7f29d4a34000 rw-p 00000000 00:00 0                          [stack:14016]
7f29d4a34000-7f29d4a35000 ---p 00000000 00:00 0 
7f29d4a35000-7f29d4b52000 rw-p 00000000 00:00 0                          [stack:14015]
7f29d4b52000-7f29d4c74000 ---p 00000000 00:00 0 
7f29d4c74000-7f29d4c91000 rw-p 00000000 00:00 0 
7f29d4c91000-7f29d4db2000 ---p 00000000 00:00 0 
7f29d4db2000-7f29d4e49000 rw-p 00000000 00:00 0 
7f29d4e49000-7f29d4e52000 ---p 00000000 00:00 0 
7f29d4e52000-7f29d4e71000 rw-p 00000000 00:00 0 
7f29d4e71000-7f29d5213000 ---p 00000000 00:00 0 
7f29d5213000-7f29d522d000 r-xp 00000000 08:03 4723979                    /usr/lib/jvm/java-8-oracle/jre/lib/amd64/libzip.so
7f29d522d000-7f29d542d000 ---p 0001a000 08:03 4723979                    /usr/lib/jvm/java-8-oracle/jre/lib/amd64/libzip.so
7f29d542d000-7f29d542e000 rw-p 0001a000 08:03 4723979                    /usr/lib/jvm/java-8-oracle/jre/lib/amd64/libzip.so
7f29d542e000-7f29d5439000 r-xp 00000000 08:03 4980917                    /lib/x86_64-linux-gnu/libnss_files-2.19.so
7f29d5439000-7f29d5638000 ---p 0000b000 08:03 4980917                    /lib/x86_64-linux-gnu/libnss_files-2.19.so
7f29d5638000-7f29d5639000 r--p 0000a000 08:03 4980917                    /lib/x86_64-linux-gnu/libnss_files-2.19.so
7f29d5639000-7f29d563a000 rw-p 0000b000 08:03 4980917                    /lib/x86_64-linux-gnu/libnss_files-2.19.so
7f29d563a000-7f29d5645000 r-xp 00000000 08:03 4980937                    /lib/x86_64-linux-gnu/libnss_nis-2.19.so
7f29d5645000-7f29d5844000 ---p 0000b000 08:03 4980937                    /lib/x86_64-linux-gnu/libnss_nis-2.19.so
7f29d5844000-7f29d5845000 r--p 0000a000 08:03 4980937                    /lib/x86_64-linux-gnu/libnss_nis-2.19.so
7f29d5845000-7f29d5846000 rw-p 0000b000 08:03 4980937                    /lib/x86_64-linux-gnu/libnss_nis-2.19.so
7f29d5846000-7f29d585d000 r-xp 00000000 08:03 4980926                    /lib/x86_64-linux-gnu/libnsl-2.19.so
7f29d585d000-7f29d5a5c000 ---p 00017000 08:03 4980926                    /lib/x86_64-linux-gnu/libnsl-2.19.so
7f29d5a5c000-7f29d5a5d000 r--p 00016000 08:03 4980926                    /lib/x86_64-linux-gnu/libnsl-2.19.so
7f29d5a5d000-7f29d5a5e000 rw-p 00017000 08:03 4980926                    /lib/x86_64-linux-gnu/libnsl-2.19.so
7f29d5a5e000-7f29d5a60000 rw-p 00000000 00:00 0 
7f29d5a60000-7f29d5a69000 r-xp 00000000 08:03 4980925                    /lib/x86_64-linux-gnu/libnss_compat-2.19.so
7f29d5a69000-7f29d5c68000 ---p 00009000 08:03 4980925                    /lib/x86_64-linux-gnu/libnss_compat-2.19.so
7f29d5c68000-7f29d5c69000 r--p 00008000 08:03 4980925                    /lib/x86_64-linux-gnu/libnss_compat-2.19.so
7f29d5c69000-7f29d5c6a000 rw-p 00009000 08:03 4980925                    /lib/x86_64-linux-gnu/libnss_compat-2.19.so
7f29d5c6a000-7f29d5c94000 r-xp 00000000 08:03 4723987                    /usr/lib/jvm/java-8-oracle/jre/lib/amd64/libjava.so
7f29d5c94000-7f29d5e94000 ---p 0002a000 08:03 4723987                    /usr/lib/jvm/java-8-oracle/jre/lib/amd64/libjava.so
7f29d5e94000-7f29d5e96000 rw-p 0002a000 08:03 4723987                    /usr/lib/jvm/java-8-oracle/jre/lib/amd64/libjava.so
7f29d5e96000-7f29d5ea3000 r-xp 00000000 08:03 4724004                    /usr/lib/jvm/java-8-oracle/jre/lib/amd64/libverify.so
7f29d5ea3000-7f29d60a3000 ---p 0000d000 08:03 4724004                    /usr/lib/jvm/java-8-oracle/jre/lib/amd64/libverify.so
7f29d60a3000-7f29d60a5000 rw-p 0000d000 08:03 4724004                    /usr/lib/jvm/java-8-oracle/jre/lib/amd64/libverify.so
7f29d60a5000-7f29d60ac000 r-xp 00000000 08:03 4980934                    /lib/x86_64-linux-gnu/librt-2.19.so
7f29d60ac000-7f29d62ab000 ---p 00007000 08:03 4980934                    /lib/x86_64-linux-gnu/librt-2.19.so
7f29d62ab000-7f29d62ac000 r--p 00006000 08:03 4980934                    /lib/x86_64-linux-gnu/librt-2.19.so
7f29d62ac000-7f29d62ad000 rw-p 00007000 08:03 4980934                    /lib/x86_64-linux-gnu/librt-2.19.so
7f29d62ad000-7f29d63b2000 r-xp 00000000 08:03 4980916                    /lib/x86_64-linux-gnu/libm-2.19.so
7f29d63b2000-7f29d65b1000 ---p 00105000 08:03 4980916                    /lib/x86_64-linux-gnu/libm-2.19.so
7f29d65b1000-7f29d65b2000 r--p 00104000 08:03 4980916                    /lib/x86_64-linux-gnu/libm-2.19.so
7f29d65b2000-7f29d65b3000 rw-p 00105000 08:03 4980916                    /lib/x86_64-linux-gnu/libm-2.19.so
7f29d65b3000-7f29d7261000 r-xp 00000000 08:03 4724008                    /usr/lib/jvm/java-8-oracle/jre/lib/amd64/server/libjvm.so
7f29d7261000-7f29d7460000 ---p 00cae000 08:03 4724008                    /usr/lib/jvm/java-8-oracle/jre/lib/amd64/server/libjvm.so
7f29d7460000-7f29d7537000 rw-p 00cad000 08:03 4724008                    /usr/lib/jvm/java-8-oracle/jre/lib/amd64/server/libjvm.so
7f29d7537000-7f29d757b000 rw-p 00000000 00:00 0 
7f29d757b000-7f29d7736000 r-xp 00000000 08:03 4980931                    /lib/x86_64-linux-gnu/libc-2.19.so
7f29d7736000-7f29d7935000 ---p 001bb000 08:03 4980931                    /lib/x86_64-linux-gnu/libc-2.19.so
7f29d7935000-7f29d7939000 r--p 001ba000 08:03 4980931                    /lib/x86_64-linux-gnu/libc-2.19.so
7f29d7939000-7f29d793b000 rw-p 001be000 08:03 4980931                    /lib/x86_64-linux-gnu/libc-2.19.so
7f29d793b000-7f29d7940000 rw-p 00000000 00:00 0 
7f29d7940000-7f29d7943000 r-xp 00000000 08:03 4980920                    /lib/x86_64-linux-gnu/libdl-2.19.so
7f29d7943000-7f29d7b42000 ---p 00003000 08:03 4980920                    /lib/x86_64-linux-gnu/libdl-2.19.so
7f29d7b42000-7f29d7b43000 r--p 00002000 08:03 4980920                    /lib/x86_64-linux-gnu/libdl-2.19.so
7f29d7b43000-7f29d7b44000 rw-p 00003000 08:03 4980920                    /lib/x86_64-linux-gnu/libdl-2.19.so
7f29d7b44000-7f29d7b59000 r-xp 00000000 08:03 4724024                    /usr/lib/jvm/java-8-oracle/jre/lib/amd64/jli/libjli.so
7f29d7b59000-7f29d7d59000 ---p 00015000 08:03 4724024                    /usr/lib/jvm/java-8-oracle/jre/lib/amd64/jli/libjli.so
7f29d7d59000-7f29d7d5a000 rw-p 00015000 08:03 4724024                    /usr/lib/jvm/java-8-oracle/jre/lib/amd64/jli/libjli.so
7f29d7d5a000-7f29d7d73000 r-xp 00000000 08:03 4980932                    /lib/x86_64-linux-gnu/libpthread-2.19.so
7f29d7d73000-7f29d7f72000 ---p 00019000 08:03 4980932                    /lib/x86_64-linux-gnu/libpthread-2.19.so
7f29d7f72000-7f29d7f73000 r--p 00018000 08:03 4980932                    /lib/x86_64-linux-gnu/libpthread-2.19.so
7f29d7f73000-7f29d7f74000 rw-p 00019000 08:03 4980932                    /lib/x86_64-linux-gnu/libpthread-2.19.so
7f29d7f74000-7f29d7f78000 rw-p 00000000 00:00 0 
7f29d7f78000-7f29d7f9b000 r-xp 00000000 08:03 4980928                    /lib/x86_64-linux-gnu/ld-2.19.so
7f29d7f9b000-7f29d7f9c000 r--s 00000000 00:19 10094077                   /home/xywzel/.m2/repository/quil/processing-dxf/2.2.1/processing-dxf-2.2.1.jar
7f29d7f9c000-7f29d7f9d000 r--s 00005000 00:19 10094060                   /home/xywzel/.m2/repository/org/bouncycastle/bctsp-jdk14/1.38/bctsp-jdk14-1.38.jar
7f29d7f9d000-7f29d7f9e000 r--s 0003a000 00:19 10094088                   /home/xywzel/.m2/repository/quil/processing-js/1.4.8.2/processing-js-1.4.8.2.jar
7f29d7f9e000-7f29d7f9f000 r--s 00001000 00:19 10094078                   /home/xywzel/.m2/repository/quil/processing-pdf/2.2.1/processing-pdf-2.2.1.jar
7f29d7f9f000-7f29d8071000 rw-p 00000000 00:00 0 
7f29d8071000-7f29d8074000 ---p 00000000 00:00 0 
7f29d8074000-7f29d8176000 rw-p 00000000 00:00 0                          [stack:14014]
7f29d8176000-7f29d817a000 r--s 00046000 00:19 10094076                   /home/xywzel/.m2/repository/quil/quil/2.2.6/quil-2.2.6.jar
7f29d817a000-7f29d817b000 r--s 00000000 00:19 10093421                   /home/xywzel/.m2/repository/clojure-complete/clojure-complete/0.2.3/clojure-complete-0.2.3.jar
7f29d817b000-7f29d818e000 rw-p 00000000 00:00 0 
7f29d818e000-7f29d8196000 rw-s 00000000 08:03 262191                     /tmp/hsperfdata_xywzel/14009
7f29d8196000-7f29d8197000 rw-p 00000000 00:00 0 
7f29d8197000-7f29d8198000 ---p 00000000 00:00 0 
7f29d8198000-7f29d819a000 rw-p 00000000 00:00 0 
7f29d819a000-7f29d819b000 r--p 00022000 08:03 4980928                    /lib/x86_64-linux-gnu/ld-2.19.so
7f29d819b000-7f29d819c000 rw-p 00023000 08:03 4980928                    /lib/x86_64-linux-gnu/ld-2.19.so
7f29d819c000-7f29d819d000 rw-p 00000000 00:00 0 
7fff79df5000-7fff79e17000 rw-p 00000000 00:00 0                          [stack]
7fff79eda000-7fff79edc000 r-xp 00000000 00:00 0                          [vdso]
ffffffffff600000-ffffffffff601000 r-xp 00000000 00:00 0                  [vsyscall]

VM Arguments:
jvm_args: -XX:+TieredCompilation -XX:TieredStopAtLevel=1 -XX:-OmitStackTraceInFastThrow -Dclojure.compile.path=/home/xywzel/Documents/WorkInProgress/target/classes -Dwork-in-progress.version=0.1.0-SNAPSHOT -Dfile.encoding=UTF-8 -Dclojure.debug=false 
java_command: clojure.main -i /tmp/form-init4522305154714815523.clj
java_class_path (initial): /home/xywzel/Documents/WorkInProgress/test:/home/xywzel/Documents/WorkInProgress/src:/home/xywzel/Documents/WorkInProgress/dev-resources:/home/xywzel/Documents/WorkInProgress/resources:/home/xywzel/Documents/WorkInProgress/target/classes:/home/xywzel/.m2/repository/clojure-complete/clojure-complete/0.2.3/clojure-complete-0.2.3.jar:/home/xywzel/.m2/repository/quil/quil/2.2.6/quil-2.2.6.jar:/home/xywzel/.m2/repository/com/lowagie/itext/2.1.7/itext-2.1.7.jar:/home/xywzel/.m2/repository/quil/processing-pdf/2.2.1/processing-pdf-2.2.1.jar:/home/xywzel/.m2/repository/org/bouncycastle/bcmail-jdk14/1.38/bcmail-jdk14-1.38.jar:/home/xywzel/.m2/repository/quil/jogl-all-fat/2.1.5/jogl-all-fat-2.1.5.jar:/home/xywzel/.m2/repository/quil/processing-js/1.4.8.2/processing-js-1.4.8.2.jar:/home/xywzel/.m2/repository/bouncycastle/bcprov-jdk14/138/bcprov-jdk14-138.jar:/home/xywzel/.m2/repository/org/bouncycastle/bctsp-jdk14/1.38/bctsp-jdk14-1.38.jar:/home/xywzel/.m2/repository/quil/gluegen-rt-fat/2.1.5/gluegen-rt-fat-2.1.5.jar:/home/xywzel/.m2/repository/bouncycastle/bcmail-jdk14/138/bcmail-jdk14-138.jar:/home/xywzel/.m2/repository/quil/processing-dxf/2.2.1/processing-dxf-2.2.1.jar:/home/xywzel/.m2/repository/quil/processing-core/2.2.1/processing-core-2.2.1.jar:/home/xywzel/.m2/repository/org/clojure/tools.nrepl/0.2.3/tools.nrepl-0.2.3.jar:/home/xywzel/.m2/repository/org/clojure/clojure/1.6.0/clojure-1.6.0.jar:/home/xywzel/.m2/repository/org/bouncycastle/bcprov-jdk14/1.38/bcprov-jdk14-1.38.jar
Launcher Type: SUN_STANDARD

Environment Variables:
CLASSPATH=/home/xywzel/.lein/self-installs/leiningen-2.4.3-standalone.jar
PATH=/usr/local/sbin:/usr/local/bin:/usr/sbin:/usr/bin:/sbin:/bin:/usr/games:/usr/local/games:/home/xywzel/bin:/home/xywzel/.nodejs/bin
USERNAME=xywzel
SHELL=/bin/bash
DISPLAY=:0

Signal Handlers:
SIGSEGV: [libjvm.so+0xaad1e0], sa_mask[0]=11111111011111111101111111111110, sa_flags=SA_RESTART|SA_SIGINFO
SIGBUS: [libjvm.so+0xaad1e0], sa_mask[0]=11111111011111111101111111111110, sa_flags=SA_RESTART|SA_SIGINFO
SIGFPE: [libjvm.so+0x90b450], sa_mask[0]=11111111011111111101111111111110, sa_flags=SA_RESTART|SA_SIGINFO
SIGPIPE: [libjvm.so+0x90b450], sa_mask[0]=11111111011111111101111111111110, sa_flags=SA_RESTART|SA_SIGINFO
SIGXFSZ: [libjvm.so+0x90b450], sa_mask[0]=11111111011111111101111111111110, sa_flags=SA_RESTART|SA_SIGINFO
SIGILL: [libjvm.so+0x90b450], sa_mask[0]=11111111011111111101111111111110, sa_flags=SA_RESTART|SA_SIGINFO
SIGUSR1: SIG_DFL, sa_mask[0]=00000000000000000000000000000000, sa_flags=none
SIGUSR2: [libjvm.so+0x90ca90], sa_mask[0]=00100000000000000000000000000000, sa_flags=SA_RESTART|SA_SIGINFO
SIGHUP: [libjvm.so+0x90dde0], sa_mask[0]=11111111011111111101111111111110, sa_flags=SA_RESTART|SA_SIGINFO
SIGINT: [libjvm.so+0x90dde0], sa_mask[0]=11111111011111111101111111111110, sa_flags=SA_RESTART|SA_SIGINFO
SIGTERM: [libjvm.so+0x90dde0], sa_mask[0]=11111111011111111101111111111110, sa_flags=SA_RESTART|SA_SIGINFO
SIGQUIT: [libjvm.so+0x90dde0], sa_mask[0]=11111111011111111101111111111110, sa_flags=SA_RESTART|SA_SIGINFO


---------------  S Y S T E M  ---------------

OS:DISTRIB_ID=LinuxMint
DISTRIB_RELEASE=17
DISTRIB_CODENAME=qiana
DISTRIB_DESCRIPTION="Linux Mint 17 Qiana"

uname:Linux 3.13.0-24-generic #47-Ubuntu SMP Fri May 2 23:30:00 UTC 2014 x86_64
libc:glibc 2.19 NPTL 2.19 
rlimit: STACK 8192k, CORE 0k, NPROC 30304, NOFILE 4096, AS infinity
load average:0,42 0,30 0,31

/proc/meminfo:
MemTotal:        3909584 kB
MemFree:          579020 kB
Buffers:           88948 kB
Cached:          1306556 kB
SwapCached:         1368 kB
Active:          1793664 kB
Inactive:        1071392 kB
Active(anon):    1106428 kB
Inactive(anon):   377992 kB
Active(file):     687236 kB
Inactive(file):   693400 kB
Unevictable:           0 kB
Mlocked:               0 kB
SwapTotal:       7811068 kB
SwapFree:        7800816 kB
Dirty:                32 kB
Writeback:             0 kB
AnonPages:       1468412 kB
Mapped:           133036 kB
Shmem:             14868 kB
Slab:             330696 kB
SReclaimable:     176476 kB
SUnreclaim:       154220 kB
KernelStack:        3616 kB
PageTables:        22312 kB
NFS_Unstable:          0 kB
Bounce:                0 kB
WritebackTmp:          0 kB
CommitLimit:     9765860 kB
Committed_AS:    3035868 kB
VmallocTotal:   34359738367 kB
VmallocUsed:      158804 kB
VmallocChunk:   34359566844 kB
HardwareCorrupted:     0 kB
AnonHugePages:    958464 kB
HugePages_Total:       0
HugePages_Free:        0
HugePages_Rsvd:        0
HugePages_Surp:        0
Hugepagesize:       2048 kB
DirectMap4k:      189596 kB
DirectMap2M:     3864576 kB


CPU:total 4 (2 cores per cpu, 2 threads per core) family 6 model 37 stepping 5, cmov, cx8, fxsr, mmx, sse, sse2, sse3, ssse3, sse4.1, sse4.2, popcnt, ht, tsc, tscinvbit

/proc/cpuinfo:
processor	: 0
vendor_id	: GenuineIntel
cpu family	: 6
model		: 37
model name	: Intel(R) Core(TM) i5 CPU       M 460  @ 2.53GHz
stepping	: 5
microcode	: 0x2
cpu MHz		: 2534.000
cache size	: 3072 KB
physical id	: 0
siblings	: 4
core id		: 0
cpu cores	: 2
apicid		: 0
initial apicid	: 0
fpu		: yes
fpu_exception	: yes
cpuid level	: 11
wp		: yes
flags		: fpu vme de pse tsc msr pae mce cx8 apic sep mtrr pge mca cmov pat pse36 clflush dts acpi mmx fxsr sse sse2 ss ht tm pbe syscall nx rdtscp lm constant_tsc arch_perfmon pebs bts rep_good nopl xtopology nonstop_tsc aperfmperf pni dtes64 monitor ds_cpl vmx est tm2 ssse3 cx16 xtpr pdcm pcid sse4_1 sse4_2 popcnt lahf_lm ida arat dtherm tpr_shadow vnmi flexpriority ept vpid
bogomips	: 5054.81
clflush size	: 64
cache_alignment	: 64
address sizes	: 36 bits physical, 48 bits virtual
power management:

processor	: 1
vendor_id	: GenuineIntel
cpu family	: 6
model		: 37
model name	: Intel(R) Core(TM) i5 CPU       M 460  @ 2.53GHz
stepping	: 5
microcode	: 0x2
cpu MHz		: 1199.000
cache size	: 3072 KB
physical id	: 0
siblings	: 4
core id		: 0
cpu cores	: 2
apicid		: 1
initial apicid	: 1
fpu		: yes
fpu_exception	: yes
cpuid level	: 11
wp		: yes
flags		: fpu vme de pse tsc msr pae mce cx8 apic sep mtrr pge mca cmov pat pse36 clflush dts acpi mmx fxsr sse sse2 ss ht tm pbe syscall nx rdtscp lm constant_tsc arch_perfmon pebs bts rep_good nopl xtopology nonstop_tsc aperfmperf pni dtes64 monitor ds_cpl vmx est tm2 ssse3 cx16 xtpr pdcm pcid sse4_1 sse4_2 popcnt lahf_lm ida arat dtherm tpr_shadow vnmi flexpriority ept vpid
bogomips	: 5054.81
clflush size	: 64
cache_alignment	: 64
address sizes	: 36 bits physical, 48 bits virtual
power management:

processor	: 2
vendor_id	: GenuineIntel
cpu family	: 6
model		: 37
model name	: Intel(R) Core(TM) i5 CPU       M 460  @ 2.53GHz
stepping	: 5
microcode	: 0x2
cpu MHz		: 1199.000
cache size	: 3072 KB
physical id	: 0
siblings	: 4
core id		: 2
cpu cores	: 2
apicid		: 4
initial apicid	: 4
fpu		: yes
fpu_exception	: yes
cpuid level	: 11
wp		: yes
flags		: fpu vme de pse tsc msr pae mce cx8 apic sep mtrr pge mca cmov pat pse36 clflush dts acpi mmx fxsr sse sse2 ss ht tm pbe syscall nx rdtscp lm constant_tsc arch_perfmon pebs bts rep_good nopl xtopology nonstop_tsc aperfmperf pni dtes64 monitor ds_cpl vmx est tm2 ssse3 cx16 xtpr pdcm pcid sse4_1 sse4_2 popcnt lahf_lm ida arat dtherm tpr_shadow vnmi flexpriority ept vpid
bogomips	: 5054.81
clflush size	: 64
cache_alignment	: 64
address sizes	: 36 bits physical, 48 bits virtual
power management:

processor	: 3
vendor_id	: GenuineIntel
cpu family	: 6
model		: 37
model name	: Intel(R) Core(TM) i5 CPU       M 460  @ 2.53GHz
stepping	: 5
microcode	: 0x2
cpu MHz		: 2534.000
cache size	: 3072 KB
physical id	: 0
siblings	: 4
core id		: 2
cpu cores	: 2
apicid		: 5
initial apicid	: 5
fpu		: yes
fpu_exception	: yes
cpuid level	: 11
wp		: yes
flags		: fpu vme de pse tsc msr pae mce cx8 apic sep mtrr pge mca cmov pat pse36 clflush dts acpi mmx fxsr sse sse2 ss ht tm pbe syscall nx rdtscp lm constant_tsc arch_perfmon pebs bts rep_good nopl xtopology nonstop_tsc aperfmperf pni dtes64 monitor ds_cpl vmx est tm2 ssse3 cx16 xtpr pdcm pcid sse4_1 sse4_2 popcnt lahf_lm ida arat dtherm tpr_shadow vnmi flexpriority ept vpid
bogomips	: 5054.81
clflush size	: 64
cache_alignment	: 64
address sizes	: 36 bits physical, 48 bits virtual
power management:



Memory: 4k page, physical 3909584k(579020k free), swap 7811068k(7800816k free)

vm_info: Java HotSpot(TM) 64-Bit Server VM (25.45-b02) for linux-amd64 JRE (1.8.0_45-b14), built on Apr 10 2015 10:07:45 by "java_re" with gcc 4.3.0 20080428 (Red Hat 4.3.0-8)

time: Sun Jun 14 01:26:56 2015
elapsed time: 262 seconds (0d 0h 4m 22s)

